2024-06-26T07:56:25.497 76bebd9f ["LangBespokeSTLCGenerator(5,1)", "Pair{SamplingEntropy{STLC},Float64}[SamplingEntropy{STLC}(2,50,STLCWellTyped(),:prob_equals,0.0,0,true)=>0.01]", "2000", "0.1"]
== Config ==
TAG: v60_stlc_bespoke_se
LangBespokeSTLCGenerator(5, 1)
Pair{SamplingEntropy{STLC}, Float64}[SamplingEntropy{STLC}(2, 50, STLCWellTyped(), :prob_equals, 0.0, 0, true) => 0.01]
Epochs: 2000
Bound: 0.1
DistNat: DistUInt32
SEED: 0

Building generation computation graph...
  28.094732503 seconds

Saving samples...
Saved samples to /space2/tjoa/tuning-output/v60_stlc_bespoke_se/stlc/langbespoke/expr_sz=5-typ_sz=1/reinforce_sampling_entropy/freq=2-spb=50/eq=prob_equals/prop=stlcwelltyped/failure_penalty=0.0/forgiveness=0/rand_forgiveness=true/0.01/epochs=2000/bound=0.1/terms_test.txt.
  36.189663218 seconds

ADNodes of interest (initial):
Dict("Backtrack2_var%%DistUInt32(4)" => 0.5, "Backtrack2_abs%%DistUInt32(1)" => 0.5, "Backtrack2_app%%DistUInt32(5)" => 0.5, "GenBool2_true%%" => 0.5, "Backtrack2_var%%DistUInt32(2)" => 0.5, "Frequency1_tbool%%DistUInt32(1)" => 0.5, "Backtrack1_var%%DistUInt32(0)" => 0.5, "Backtrack2_app%%DistUInt32(2)" => 0.5, "Backtrack2_abs%%DistUInt32(4)" => 0.5, "Backtrack2_app%%DistUInt32(3)" => 0.5, "Backtrack2_app%%DistUInt32(4)" => 0.5, "GenBool1_true%%" => 0.5, "Backtrack2_app%%DistUInt32(1)" => 0.5, "Backtrack2_abs%%DistUInt32(3)" => 0.5, "Backtrack2_var%%DistUInt32(3)" => 0.5, "Backtrack2_var%%DistUInt32(1)" => 0.5, "Backtrack2_abs%%DistUInt32(5)" => 0.5, "Frequency1_tfun%%DistUInt32(1)" => 0.5, "Backtrack1_zero%%DistUInt32(0)" => 0.5, "Backtrack2_abs%%DistUInt32(2)" => 0.5, "Backtrack2_var%%DistUInt32(5)" => 0.5)

Parameter values (initial):
Dict{Var, Union{Real, AbstractMatrix{<:Real}}}(Var("Frequency1_tfun%%DistUInt32(1)_before_sigmoid") => 0, Var("Backtrack2_app%%DistUInt32(2)_before_sigmoid") => 0, Var("GenBool1_true%%_before_sigmoid") => 0, Var("Backtrack2_var%%DistUInt32(4)_before_sigmoid") => 0, Var("Backtrack2_abs%%DistUInt32(4)_before_sigmoid") => 0, Var("Backtrack1_var%%DistUInt32(0)_before_sigmoid") => 0, Var("Backtrack2_var%%DistUInt32(1)_before_sigmoid") => 0, Var("Backtrack2_var%%DistUInt32(5)_before_sigmoid") => 0, Var("Backtrack2_app%%DistUInt32(3)_before_sigmoid") => 0, Var("Frequency1_tbool%%DistUInt32(1)_before_sigmoid") => 0, Var("GenBool2_true%%_before_sigmoid") => 0, Var("Backtrack1_zero%%DistUInt32(0)_before_sigmoid") => 0, Var("Backtrack2_app%%DistUInt32(1)_before_sigmoid") => 0, Var("Backtrack2_abs%%DistUInt32(2)_before_sigmoid") => 0, Var("Backtrack2_abs%%DistUInt32(3)_before_sigmoid") => 0, Var("Backtrack2_var%%DistUInt32(3)_before_sigmoid") => 0, Var("Backtrack2_app%%DistUInt32(5)_before_sigmoid") => 0, Var("Backtrack2_var%%DistUInt32(2)_before_sigmoid") => 0, Var("Backtrack2_abs%%DistUInt32(5)_before_sigmoid") => 0, Var("Backtrack2_abs%%DistUInt32(1)_before_sigmoid") => 0, Var("Backtrack2_app%%DistUInt32(4)_before_sigmoid") => 0)

Saving samples...
Saved samples to /space2/tjoa/tuning-output/v60_stlc_bespoke_se/stlc/langbespoke/expr_sz=5-typ_sz=1/reinforce_sampling_entropy/freq=2-spb=50/eq=prob_equals/prop=stlcwelltyped/failure_penalty=0.0/forgiveness=0/rand_forgiveness=true/0.01/epochs=2000/bound=0.1/terms_initial.txt.
  32.219466643 seconds

Saved Coq generator to /space2/tjoa/tuning-output/v60_stlc_bespoke_se/stlc/langbespoke/expr_sz=5-typ_sz=1/reinforce_sampling_entropy/freq=2-spb=50/eq=prob_equals/prop=stlcwelltyped/failure_penalty=0.0/forgiveness=0/rand_forgiveness=true/0.01/epochs=2000/bound=0.1/initial_Generator.v


ADNodes of interest (trained):
Dict{String, BigFloat}("Backtrack2_var%%DistUInt32(4)" => 0.1000000000000000236396938635028838629724593466497362385965834168731880187423625, "Backtrack2_abs%%DistUInt32(1)" => 0.4121974818518058354058903971686055213186791789596530287681741027364705647278833, "Backtrack2_app%%DistUInt32(5)" => 0.9000000000000000163283350230027528910365088678085701428344115351713984565345426, "GenBool2_true%%" => 0.1671448572178404774947425877991177100386061141262146996371951618723534354523117, "Backtrack2_var%%DistUInt32(2)" => 0.1161706102929049799265189842782040982197637663142625125783272498215759287272969, "Frequency1_tbool%%DistUInt32(1)" => 0.6900567755378921560073855272015912812325429953594724711583312822455721450776543, "Backtrack1_var%%DistUInt32(0)" => 0.4138685892667778968302358369827253730915833090536067531196951725946096632750348, "Backtrack2_app%%DistUInt32(2)" => 0.898530132778959751688980994487017017086319288524048653326280758794552180361972, "Backtrack2_abs%%DistUInt32(4)" => 0.1000000000000000236396938635028838629724593466497362385965834168731880187423625, "Backtrack2_app%%DistUInt32(3)" => 0.9000000000000000163283350230027528910365088678085701428344115351713984565345426, "Backtrack2_app%%DistUInt32(4)" => 0.9000000000000000163283350230027528910365088678085701428344115351713984565345426, "GenBool1_true%%" => 0.2927023336245312154686103798713920457360405903714484634210971191000782608804433, "Backtrack2_app%%DistUInt32(1)" => 0.834288710419357849779504444993798320935525836751326553684615121060708110814111, "Backtrack2_abs%%DistUInt32(3)" => 0.1000000000000000236396938635028838629724593466497362385965834168731880187423625, "Backtrack2_var%%DistUInt32(3)" => 0.1006769104518938787578386630174141766612337366111953532630841866998786892646683, "Backtrack2_var%%DistUInt32(1)" => 0.1453986024857376036626104044971128543312737590126606581717233719193428218624607, "Backtrack2_abs%%DistUInt32(5)" => 0.1000000000000000236396938635028838629724593466497362385965834168731880187423625, "Frequency1_tfun%%DistUInt32(1)" => 0.7537675230391842170169924720156987712945948357181864542609670512886822126961686, "Backtrack1_zero%%DistUInt32(0)" => 0.6391765988985160193487425897273264943244077428763356389443868945895486907948842, "Backtrack2_abs%%DistUInt32(2)" => 0.1115525130512813559469695944475243952751674521220104715660054637588866231507803, "Backtrack2_var%%DistUInt32(5)" => 0.5000000000000000027936881096410967588306136400788754214196667770818541086038948)

Parameter values (trained):
Dict{Var, Union{Real, AbstractMatrix{<:Real}}}(Var("Frequency1_tfun%%DistUInt32(1)_before_sigmoid") => 1.118807877614098000453760320919224635603947120128588636582592476719550836559531, Var("Backtrack2_app%%DistUInt32(2)_before_sigmoid") => 2.18099836268510065963255962854032962941502541900863860383991541741748955930505, Var("GenBool1_true%%_before_sigmoid") => -0.8822954382764647876625202826900096379375035131085058781930552111258972518720105, Var("Backtrack2_var%%DistUInt32(4)_before_sigmoid") => -2.19722457733621912012722532381303608417510986328125, Var("Backtrack2_abs%%DistUInt32(4)_before_sigmoid") => -2.19722457733621912012722532381303608417510986328125, Var("Backtrack1_var%%DistUInt32(0)_before_sigmoid") => -0.347995508626842981283607107088711267957205288285159489516571362732867107162906, Var("Backtrack2_var%%DistUInt32(1)_before_sigmoid") => -1.771156204954882057008474175356200268037824816585012407259469850266713097177029, Var("Backtrack2_var%%DistUInt32(5)_before_sigmoid") => 1.117475243856438703532245456031550180196602040409445968662682471706415375037059e-17, Var("Backtrack2_app%%DistUInt32(3)_before_sigmoid") => 2.197224577336219564216435173875652253627777099609375, Var("Frequency1_tbool%%DistUInt32(1)_before_sigmoid") => 0.8003847437851375154743418745409629663026808264883571395567563459885056248676787, Var("GenBool2_true%%_before_sigmoid") => -1.605998883898619674862016748407110661696117166040829463565123796990101383935216, Var("Backtrack1_zero%%DistUInt32(0)_before_sigmoid") => 0.5717921387844107333871205600992944563568825236243701123498577610624971417726727, Var("Backtrack2_app%%DistUInt32(1)_before_sigmoid") => 1.616332463251755373965676683495677511189242180821889759169594046182587875908788, Var("Backtrack2_abs%%DistUInt32(2)_before_sigmoid") => -2.074980093708941945935690620728567284952952796711730162356714418442073769064335, Var("Backtrack2_abs%%DistUInt32(3)_before_sigmoid") => -2.19722457733621912012722532381303608417510986328125, Var("Backtrack2_var%%DistUInt32(3)_before_sigmoid") => -2.189725874628268345864892751514130430094588970279162170548708828997069526870515, Var("Backtrack2_app%%DistUInt32(5)_before_sigmoid") => 2.197224577336219564216435173875652253627777099609375, Var("Backtrack2_var%%DistUInt32(2)_before_sigmoid") => -2.029204156983922492941773540325782455775496929192688040422196594952547752473799, Var("Backtrack2_abs%%DistUInt32(5)_before_sigmoid") => -2.19722457733621912012722532381303608417510986328125, Var("Backtrack2_abs%%DistUInt32(1)_before_sigmoid") => -0.3548884786046730211180323483297967126810265421240174192109132365751275639906279, Var("Backtrack2_app%%DistUInt32(4)_before_sigmoid") => 2.197224577336219564216435173875652253627777099609375)

Saving samples...
Saved samples to /space2/tjoa/tuning-output/v60_stlc_bespoke_se/stlc/langbespoke/expr_sz=5-typ_sz=1/reinforce_sampling_entropy/freq=2-spb=50/eq=prob_equals/prop=stlcwelltyped/failure_penalty=0.0/forgiveness=0/rand_forgiveness=true/0.01/epochs=2000/bound=0.1/terms_trained.txt.
  30.334502744 seconds

Saved Coq generator to /space2/tjoa/tuning-output/v60_stlc_bespoke_se/stlc/langbespoke/expr_sz=5-typ_sz=1/reinforce_sampling_entropy/freq=2-spb=50/eq=prob_equals/prop=stlcwelltyped/failure_penalty=0.0/forgiveness=0/rand_forgiveness=true/0.01/epochs=2000/bound=0.1/trained_Generator.v


2024-06-27T13:59:32.380
Total time elapsed: 1 day, 6 hours, 3 minutes, 6 seconds, 883 milliseconds
