2024-06-29T08:04:09.967 07bf4eaa ["-f", "LangBespokeSTLCGenerator(5,1)", "[ApproxSTLCConstructorEntropy()=>0.03]", "2000", "0.1"]
== Config ==
TAG: v61_stlc_51_ace
LangBespokeSTLCGenerator(5, 1)
[ApproxSTLCConstructorEntropy() => 0.03]
Epochs: 2000
Bound: 0.1
DistNat: DistUInt32
SEED: 0

Building generation computation graph...
  29.189192749 seconds

Saving samples...
Saved samples to /space2/tjoa/tuning-output/v61_stlc_51_ace/stlc/langbespoke/expr_sz=5-typ_sz=1/approx_entropy/0.03/epochs=2000/bound=0.1/terms_test.txt.
  38.830815122 seconds

Building computation graph for ApproxSTLCConstructorEntropy()...
  64.894159542 seconds

ADNodes of interest (initial):
Dict("Backtrack2_var%%DistUInt32(4)" => 0.5, "Backtrack2_abs%%DistUInt32(1)" => 0.5, "Backtrack2_app%%DistUInt32(5)" => 0.5, "GenBool2_true%%" => 0.5, "Backtrack2_var%%DistUInt32(2)" => 0.5, "Frequency1_tbool%%DistUInt32(1)" => 0.5, "Backtrack1_var%%DistUInt32(0)" => 0.5, "Backtrack2_app%%DistUInt32(2)" => 0.5, "Backtrack2_abs%%DistUInt32(4)" => 0.5, "Backtrack2_app%%DistUInt32(3)" => 0.5, "Backtrack2_app%%DistUInt32(4)" => 0.5, "GenBool1_true%%" => 0.5, "Backtrack2_app%%DistUInt32(1)" => 0.5, "Backtrack2_abs%%DistUInt32(3)" => 0.5, "Backtrack2_var%%DistUInt32(3)" => 0.5, "Backtrack2_var%%DistUInt32(1)" => 0.5, "Backtrack2_abs%%DistUInt32(5)" => 0.5, "Frequency1_tfun%%DistUInt32(1)" => 0.5, "Backtrack1_zero%%DistUInt32(0)" => 0.5, "Backtrack2_abs%%DistUInt32(2)" => 0.5, "Backtrack2_var%%DistUInt32(5)" => 0.5)

Parameter values (initial):
Dict{Var, Union{Real, AbstractMatrix{<:Real}}}(Var("Frequency1_tfun%%DistUInt32(1)_before_sigmoid") => 0, Var("Backtrack2_app%%DistUInt32(2)_before_sigmoid") => 0, Var("GenBool1_true%%_before_sigmoid") => 0, Var("Backtrack2_var%%DistUInt32(4)_before_sigmoid") => 0, Var("Backtrack2_abs%%DistUInt32(4)_before_sigmoid") => 0, Var("Backtrack1_var%%DistUInt32(0)_before_sigmoid") => 0, Var("Backtrack2_var%%DistUInt32(1)_before_sigmoid") => 0, Var("Backtrack2_var%%DistUInt32(5)_before_sigmoid") => 0, Var("Backtrack2_app%%DistUInt32(3)_before_sigmoid") => 0, Var("Frequency1_tbool%%DistUInt32(1)_before_sigmoid") => 0, Var("GenBool2_true%%_before_sigmoid") => 0, Var("Backtrack1_zero%%DistUInt32(0)_before_sigmoid") => 0, Var("Backtrack2_app%%DistUInt32(1)_before_sigmoid") => 0, Var("Backtrack2_abs%%DistUInt32(2)_before_sigmoid") => 0, Var("Backtrack2_abs%%DistUInt32(3)_before_sigmoid") => 0, Var("Backtrack2_var%%DistUInt32(3)_before_sigmoid") => 0, Var("Backtrack2_app%%DistUInt32(5)_before_sigmoid") => 0, Var("Backtrack2_var%%DistUInt32(2)_before_sigmoid") => 0, Var("Backtrack2_abs%%DistUInt32(5)_before_sigmoid") => 0, Var("Backtrack2_abs%%DistUInt32(1)_before_sigmoid") => 0, Var("Backtrack2_app%%DistUInt32(4)_before_sigmoid") => 0)

Saving samples...
Saved samples to /space2/tjoa/tuning-output/v61_stlc_51_ace/stlc/langbespoke/expr_sz=5-typ_sz=1/approx_entropy/0.03/epochs=2000/bound=0.1/terms_initial.txt.
  35.257648941 seconds

Saved Coq generator to /space2/tjoa/tuning-output/v61_stlc_51_ace/stlc/langbespoke/expr_sz=5-typ_sz=1/approx_entropy/0.03/epochs=2000/bound=0.1/initial_Generator.v


ADNodes of interest (trained):
Dict("Backtrack2_var%%DistUInt32(4)" => 0.500080515860969, "Backtrack2_abs%%DistUInt32(1)" => 0.5132901670931337, "Backtrack2_app%%DistUInt32(5)" => 0.3224559033552165, "GenBool2_true%%" => 0.5, "Backtrack2_var%%DistUInt32(2)" => 0.5751932354670639, "Frequency1_tbool%%DistUInt32(1)" => 0.5879957721485923, "Backtrack1_var%%DistUInt32(0)" => 0.5329451599530629, "Backtrack2_app%%DistUInt32(2)" => 0.3934766249503582, "Backtrack2_abs%%DistUInt32(4)" => 0.5585707942045797, "Backtrack2_app%%DistUInt32(3)" => 0.37796332109315406, "Backtrack2_app%%DistUInt32(4)" => 0.4336811443698228, "GenBool1_true%%" => 0.5, "Backtrack2_app%%DistUInt32(1)" => 0.3844649298425517, "Backtrack2_abs%%DistUInt32(3)" => 0.5298781428127103, "Backtrack2_var%%DistUInt32(3)" => 0.5739885069002114, "Backtrack2_var%%DistUInt32(1)" => 0.5847475677634212, "Backtrack2_abs%%DistUInt32(5)" => 0.6327854581420713, "Frequency1_tfun%%DistUInt32(1)" => 0.3977710881804639, "Backtrack1_zero%%DistUInt32(0)" => 0.46506355447290104, "Backtrack2_abs%%DistUInt32(2)" => 0.516028609525828, "Backtrack2_var%%DistUInt32(5)" => 0.5)

Parameter values (trained):
Dict{Var, Union{Real, AbstractMatrix{<:Real}}}(Var("Frequency1_tfun%%DistUInt32(1)_before_sigmoid") => -0.4147609407295015, Var("Backtrack2_app%%DistUInt32(2)_before_sigmoid") => -0.4327216053597337, Var("GenBool1_true%%_before_sigmoid") => 0, Var("Backtrack2_var%%DistUInt32(4)_before_sigmoid") => 0.00032206344665997093, Var("Backtrack2_abs%%DistUInt32(4)_before_sigmoid") => 0.23536371031587808, Var("Backtrack1_var%%DistUInt32(0)_before_sigmoid") => 0.1319718481966545, Var("Backtrack2_var%%DistUInt32(1)_before_sigmoid") => 0.34229364024993064, Var("Backtrack2_var%%DistUInt32(5)_before_sigmoid") => -5.437951521372608e-19, Var("Backtrack2_app%%DistUInt32(3)_before_sigmoid") => -0.4982019035377938, Var("Frequency1_tbool%%DistUInt32(1)_before_sigmoid") => 0.35568614657715825, Var("GenBool2_true%%_before_sigmoid") => 0, Var("Backtrack1_zero%%DistUInt32(0)_before_sigmoid") => -0.13997387389840668, Var("Backtrack2_app%%DistUInt32(1)_before_sigmoid") => -0.47063934731018614, Var("Backtrack2_abs%%DistUInt32(2)_before_sigmoid") => 0.06413641438307333, Var("Backtrack2_abs%%DistUInt32(3)_before_sigmoid") => 0.11965512917884752, Var("Backtrack2_var%%DistUInt32(3)_before_sigmoid") => 0.2981430482842501, Var("Backtrack2_app%%DistUInt32(5)_before_sigmoid") => -0.7425082448297061, Var("Backtrack2_var%%DistUInt32(2)_before_sigmoid") => 0.30307165218042725, Var("Backtrack2_abs%%DistUInt32(5)_before_sigmoid") => 0.5441851760375507, Var("Backtrack2_abs%%DistUInt32(1)_before_sigmoid") => 0.05317319327079127, Var("Backtrack2_app%%DistUInt32(4)_before_sigmoid") => -0.2668476950604893)

Saving samples...
Saved samples to /space2/tjoa/tuning-output/v61_stlc_51_ace/stlc/langbespoke/expr_sz=5-typ_sz=1/approx_entropy/0.03/epochs=2000/bound=0.1/terms_trained.txt.
  28.834195859 seconds

Saved Coq generator to /space2/tjoa/tuning-output/v61_stlc_51_ace/stlc/langbespoke/expr_sz=5-typ_sz=1/approx_entropy/0.03/epochs=2000/bound=0.1/trained_Generator.v


2024-06-29T08:10:20.487
Total time elapsed: 6 minutes, 10 seconds, 520 milliseconds
