2024-07-09T23:04:24.862 dcebc814 ["-f", "LangBespokeSTLCGenerator(5,2)", "[ApproxSTLCConstructorEntropy()=>0.1]", "2000", "0.1"]
== Config ==
TAG: v65_simpler_ace
LangBespokeSTLCGenerator(5, 2)
[ApproxSTLCConstructorEntropy() => 0.1]
Epochs: 2000
Bound: 0.1
DistNat: DistUInt32
SEED: 0

Building generation computation graph...
  36.323768917 seconds

Building computation graph for ApproxSTLCConstructorEntropy()...
  73.267542076 seconds

ADNodes of interest (initial):
Dict("Backtrack2_var%%DistUInt32(4)" => 0.5, "Backtrack2_abs%%DistUInt32(1)" => 0.5, "Backtrack2_app%%DistUInt32(5)" => 0.5, "GenBool2_true%%" => 0.5, "Backtrack2_var%%DistUInt32(2)" => 0.5, "Frequency1_tbool%%DistUInt32(1)" => 0.5, "Backtrack1_var%%DistUInt32(0)" => 0.5, "Backtrack2_app%%DistUInt32(2)" => 0.5, "Backtrack2_abs%%DistUInt32(4)" => 0.5, "Backtrack2_app%%DistUInt32(3)" => 0.5, "Backtrack2_app%%DistUInt32(4)" => 0.5, "GenBool1_true%%" => 0.5, "Backtrack2_app%%DistUInt32(1)" => 0.5, "Frequency1_tfun%%DistUInt32(2)" => 0.5, "Backtrack2_abs%%DistUInt32(3)" => 0.5, "Frequency1_tbool%%DistUInt32(2)" => 0.5, "Backtrack2_var%%DistUInt32(3)" => 0.5, "Backtrack2_var%%DistUInt32(1)" => 0.5, "Backtrack2_abs%%DistUInt32(5)" => 0.5, "Frequency1_tfun%%DistUInt32(1)" => 0.5, "Backtrack1_zero%%DistUInt32(0)" => 0.5, "Backtrack2_abs%%DistUInt32(2)" => 0.5, "Backtrack2_var%%DistUInt32(5)" => 0.5)

Parameter values (initial):
Dict{Var, Union{Real, AbstractMatrix{<:Real}}}(Var("Backtrack2_app%%DistUInt32(3)_before_sigmoid") => 0, Var("Backtrack2_abs%%DistUInt32(2)_before_sigmoid") => 0, Var("Backtrack2_var%%DistUInt32(4)_before_sigmoid") => 0, Var("Frequency1_tbool%%DistUInt32(1)_before_sigmoid") => 0, Var("GenBool1_true%%_before_sigmoid") => 0, Var("Backtrack1_var%%DistUInt32(0)_before_sigmoid") => 0, Var("Backtrack2_app%%DistUInt32(5)_before_sigmoid") => 0, Var("Backtrack2_abs%%DistUInt32(5)_before_sigmoid") => 0, Var("Frequency1_tfun%%DistUInt32(2)_before_sigmoid") => 0, Var("GenBool2_true%%_before_sigmoid") => 0, Var("Frequency1_tfun%%DistUInt32(1)_before_sigmoid") => 0, Var("Backtrack2_abs%%DistUInt32(1)_before_sigmoid") => 0, Var("Backtrack2_var%%DistUInt32(1)_before_sigmoid") => 0, Var("Frequency1_tbool%%DistUInt32(2)_before_sigmoid") => 0, Var("Backtrack1_zero%%DistUInt32(0)_before_sigmoid") => 0, Var("Backtrack2_var%%DistUInt32(5)_before_sigmoid") => 0, Var("Backtrack2_var%%DistUInt32(3)_before_sigmoid") => 0, Var("Backtrack2_app%%DistUInt32(4)_before_sigmoid") => 0, Var("Backtrack2_app%%DistUInt32(1)_before_sigmoid") => 0, Var("Backtrack2_var%%DistUInt32(2)_before_sigmoid") => 0, Var("Backtrack2_abs%%DistUInt32(3)_before_sigmoid") => 0, Var("Backtrack2_abs%%DistUInt32(4)_before_sigmoid") => 0, Var("Backtrack2_app%%DistUInt32(2)_before_sigmoid") => 0)

Saved Coq generator to /space2/tjoa/tuning-output/v65_simpler_ace/stlc/langbespoke/expr_sz=5-typ_sz=2/approx_entropy/0.1/epochs=2000/bound=0.1/initial_Generator.v


ADNodes of interest (trained):
Dict("Backtrack2_var%%DistUInt32(4)" => 0.5, "Backtrack2_abs%%DistUInt32(1)" => 0.6356208630492021, "Backtrack2_app%%DistUInt32(5)" => 0.31781043152516236, "GenBool2_true%%" => 0.5, "Backtrack2_var%%DistUInt32(2)" => 0.5, "Frequency1_tbool%%DistUInt32(1)" => 0.5, "Backtrack1_var%%DistUInt32(0)" => 0.5, "Backtrack2_app%%DistUInt32(2)" => 0.31781043152516236, "Backtrack2_abs%%DistUInt32(4)" => 0.6356208630492021, "Backtrack2_app%%DistUInt32(3)" => 0.31781043152516236, "Backtrack2_app%%DistUInt32(4)" => 0.31781043152516236, "GenBool1_true%%" => 0.5, "Backtrack2_app%%DistUInt32(1)" => 0.31781043152516236, "Frequency1_tfun%%DistUInt32(2)" => 0.5, "Backtrack2_abs%%DistUInt32(3)" => 0.6356208630492021, "Frequency1_tbool%%DistUInt32(2)" => 0.5, "Backtrack2_var%%DistUInt32(3)" => 0.5, "Backtrack2_var%%DistUInt32(1)" => 0.5, "Backtrack2_abs%%DistUInt32(5)" => 0.6356208630492021, "Frequency1_tfun%%DistUInt32(1)" => 0.5, "Backtrack1_zero%%DistUInt32(0)" => 0.5, "Backtrack2_abs%%DistUInt32(2)" => 0.6356208630492021, "Backtrack2_var%%DistUInt32(5)" => 0.5)

Parameter values (trained):
Dict{Var, Union{Real, AbstractMatrix{<:Real}}}(Var("Backtrack2_app%%DistUInt32(3)_before_sigmoid") => -0.7638525011140626, Var("Backtrack2_abs%%DistUInt32(2)_before_sigmoid") => 0.5564073477113836, Var("Backtrack2_var%%DistUInt32(4)_before_sigmoid") => -1.6192738921522493e-17, Var("Frequency1_tbool%%DistUInt32(1)_before_sigmoid") => 0, Var("GenBool1_true%%_before_sigmoid") => 0, Var("Backtrack1_var%%DistUInt32(0)_before_sigmoid") => 0, Var("Backtrack2_app%%DistUInt32(5)_before_sigmoid") => -0.7638525011140626, Var("Backtrack2_abs%%DistUInt32(5)_before_sigmoid") => 0.5564073477113836, Var("Frequency1_tfun%%DistUInt32(2)_before_sigmoid") => 0.0, Var("GenBool2_true%%_before_sigmoid") => 0, Var("Frequency1_tfun%%DistUInt32(1)_before_sigmoid") => 0, Var("Backtrack2_abs%%DistUInt32(1)_before_sigmoid") => 0.5564073477113836, Var("Backtrack2_var%%DistUInt32(1)_before_sigmoid") => -1.6192738921522493e-17, Var("Frequency1_tbool%%DistUInt32(2)_before_sigmoid") => 0.0, Var("Backtrack1_zero%%DistUInt32(0)_before_sigmoid") => 0, Var("Backtrack2_var%%DistUInt32(5)_before_sigmoid") => -1.6192738921522493e-17, Var("Backtrack2_var%%DistUInt32(3)_before_sigmoid") => -1.6192738921522493e-17, Var("Backtrack2_app%%DistUInt32(4)_before_sigmoid") => -0.7638525011140626, Var("Backtrack2_app%%DistUInt32(1)_before_sigmoid") => -0.7638525011140626, Var("Backtrack2_var%%DistUInt32(2)_before_sigmoid") => -1.6192738921522493e-17, Var("Backtrack2_abs%%DistUInt32(3)_before_sigmoid") => 0.5564073477113836, Var("Backtrack2_abs%%DistUInt32(4)_before_sigmoid") => 0.5564073477113836, Var("Backtrack2_app%%DistUInt32(2)_before_sigmoid") => -0.7638525011140626)

Saved Coq generator to /space2/tjoa/tuning-output/v65_simpler_ace/stlc/langbespoke/expr_sz=5-typ_sz=2/approx_entropy/0.1/epochs=2000/bound=0.1/trained_Generator.v


2024-07-09T23:07:09.271
Total time elapsed: 2 minutes, 44 seconds, 409 milliseconds
