2024-06-26T07:56:25.791 76bebd9f ["LangBespokeSTLCGenerator(5,1)", "Pair{SamplingEntropy{STLC},Float64}[SamplingEntropy{STLC}(2,200,STLCWellTyped(),:prob_equals,0.0,0,true)=>0.1]", "500", "0.1"]
== Config ==
TAG: v60_stlc_bespoke_se
LangBespokeSTLCGenerator(5, 1)
Pair{SamplingEntropy{STLC}, Float64}[SamplingEntropy{STLC}(2, 200, STLCWellTyped(), :prob_equals, 0.0, 0, true) => 0.1]
Epochs: 500
Bound: 0.1
DistNat: DistUInt32
SEED: 0

Building generation computation graph...
  27.874100581 seconds

Saving samples...
Saved samples to /space2/tjoa/tuning-output/v60_stlc_bespoke_se/stlc/langbespoke/expr_sz=5-typ_sz=1/reinforce_sampling_entropy/freq=2-spb=200/eq=prob_equals/prop=stlcwelltyped/failure_penalty=0.0/forgiveness=0/rand_forgiveness=true/0.1/epochs=500/bound=0.1/terms_test.txt.
  36.333003258 seconds

ADNodes of interest (initial):
Dict("Backtrack2_var%%DistUInt32(4)" => 0.5, "Backtrack2_abs%%DistUInt32(1)" => 0.5, "Backtrack2_app%%DistUInt32(5)" => 0.5, "GenBool2_true%%" => 0.5, "Backtrack2_var%%DistUInt32(2)" => 0.5, "Frequency1_tbool%%DistUInt32(1)" => 0.5, "Backtrack1_var%%DistUInt32(0)" => 0.5, "Backtrack2_app%%DistUInt32(2)" => 0.5, "Backtrack2_abs%%DistUInt32(4)" => 0.5, "Backtrack2_app%%DistUInt32(3)" => 0.5, "Backtrack2_app%%DistUInt32(4)" => 0.5, "GenBool1_true%%" => 0.5, "Backtrack2_app%%DistUInt32(1)" => 0.5, "Backtrack2_abs%%DistUInt32(3)" => 0.5, "Backtrack2_var%%DistUInt32(3)" => 0.5, "Backtrack2_var%%DistUInt32(1)" => 0.5, "Backtrack2_abs%%DistUInt32(5)" => 0.5, "Frequency1_tfun%%DistUInt32(1)" => 0.5, "Backtrack1_zero%%DistUInt32(0)" => 0.5, "Backtrack2_abs%%DistUInt32(2)" => 0.5, "Backtrack2_var%%DistUInt32(5)" => 0.5)

Parameter values (initial):
Dict{Var, Union{Real, AbstractMatrix{<:Real}}}(Var("Frequency1_tfun%%DistUInt32(1)_before_sigmoid") => 0, Var("Backtrack2_app%%DistUInt32(2)_before_sigmoid") => 0, Var("GenBool1_true%%_before_sigmoid") => 0, Var("Backtrack2_var%%DistUInt32(4)_before_sigmoid") => 0, Var("Backtrack2_abs%%DistUInt32(4)_before_sigmoid") => 0, Var("Backtrack1_var%%DistUInt32(0)_before_sigmoid") => 0, Var("Backtrack2_var%%DistUInt32(1)_before_sigmoid") => 0, Var("Backtrack2_var%%DistUInt32(5)_before_sigmoid") => 0, Var("Backtrack2_app%%DistUInt32(3)_before_sigmoid") => 0, Var("Frequency1_tbool%%DistUInt32(1)_before_sigmoid") => 0, Var("GenBool2_true%%_before_sigmoid") => 0, Var("Backtrack1_zero%%DistUInt32(0)_before_sigmoid") => 0, Var("Backtrack2_app%%DistUInt32(1)_before_sigmoid") => 0, Var("Backtrack2_abs%%DistUInt32(2)_before_sigmoid") => 0, Var("Backtrack2_abs%%DistUInt32(3)_before_sigmoid") => 0, Var("Backtrack2_var%%DistUInt32(3)_before_sigmoid") => 0, Var("Backtrack2_app%%DistUInt32(5)_before_sigmoid") => 0, Var("Backtrack2_var%%DistUInt32(2)_before_sigmoid") => 0, Var("Backtrack2_abs%%DistUInt32(5)_before_sigmoid") => 0, Var("Backtrack2_abs%%DistUInt32(1)_before_sigmoid") => 0, Var("Backtrack2_app%%DistUInt32(4)_before_sigmoid") => 0)

Saving samples...
Saved samples to /space2/tjoa/tuning-output/v60_stlc_bespoke_se/stlc/langbespoke/expr_sz=5-typ_sz=1/reinforce_sampling_entropy/freq=2-spb=200/eq=prob_equals/prop=stlcwelltyped/failure_penalty=0.0/forgiveness=0/rand_forgiveness=true/0.1/epochs=500/bound=0.1/terms_initial.txt.
  32.297663205 seconds

Saved Coq generator to /space2/tjoa/tuning-output/v60_stlc_bespoke_se/stlc/langbespoke/expr_sz=5-typ_sz=1/reinforce_sampling_entropy/freq=2-spb=200/eq=prob_equals/prop=stlcwelltyped/failure_penalty=0.0/forgiveness=0/rand_forgiveness=true/0.1/epochs=500/bound=0.1/initial_Generator.v


ADNodes of interest (trained):
Dict{String, BigFloat}("Backtrack2_var%%DistUInt32(4)" => 0.3226838316170729381486619979669521829667386031505721460314558271150049175033037, "Backtrack2_abs%%DistUInt32(1)" => 0.890733358765167396667940929490376909586785152081504854197626783772626122316881, "Backtrack2_app%%DistUInt32(5)" => 0.9000000000000000163283350230027528910365088678085701428344115351713984565345426, "GenBool2_true%%" => 0.7860226117032478915176007313237103536902438800189921618403137608478527896245837, "Backtrack2_var%%DistUInt32(2)" => 0.1093596585499727576479190775956582993722164765498756124117556853515985010465113, "Frequency1_tbool%%DistUInt32(1)" => 0.9000000000000000163283350230027528910365088678085701428344115351713984565345426, "Backtrack1_var%%DistUInt32(0)" => 0.4319840789824453282408023861711372414158612832510870824202717708377750956469858, "Backtrack2_app%%DistUInt32(2)" => 0.8565460451199351927439459856905565865944152819317300330295821554676502969755056, "Backtrack2_abs%%DistUInt32(4)" => 0.1000000000000000236396938635028838629724593466497362385965834168731880187423625, "Backtrack2_app%%DistUInt32(3)" => 0.9000000000000000163283350230027528910365088678085701428344115351713984565345426, "Backtrack2_app%%DistUInt32(4)" => 0.9000000000000000163283350230027528910365088678085701428344115351713984565345426, "GenBool1_true%%" => 0.1522141255989360243769324902125476699340969960733627432801009854980269948666539, "Backtrack2_app%%DistUInt32(1)" => 0.1022596709606120740348129733335999903390101841394090255535121949376558595276576, "Backtrack2_abs%%DistUInt32(3)" => 0.1000000000000000236396938635028838629724593466497362385965834168731880187423625, "Backtrack2_var%%DistUInt32(3)" => 0.1087200379753371621106952569154938159942210447639720312302596853892896990873258, "Backtrack2_var%%DistUInt32(1)" => 0.529604656145708326665421986241245123587239545209255473195552188238701427224839, "Backtrack2_abs%%DistUInt32(5)" => 0.1000000000000000236396938635028838629724593466497362385965834168731880187423625, "Frequency1_tfun%%DistUInt32(1)" => 0.1000000000000000236396938635028838629724593466497362385965834168731880187423625, "Backtrack1_zero%%DistUInt32(0)" => 0.6723961851148966913993416806903849263989377835989821851791991766350933508726155, "Backtrack2_abs%%DistUInt32(2)" => 0.2333311202384998889084540212075774523221475530311928813178753187955941636845811, "Backtrack2_var%%DistUInt32(5)" => 0.5000000000000000051302255555343965406631356288341643357948597584136818992197567)

Parameter values (trained):
Dict{Var, Union{Real, AbstractMatrix{<:Real}}}(Var("Frequency1_tfun%%DistUInt32(1)_before_sigmoid") => -2.19722457733621912012722532381303608417510986328125, Var("Backtrack2_app%%DistUInt32(2)_before_sigmoid") => 1.786893964152145415871424541128637797864993323320089340924496919903198551928455, Var("GenBool1_true%%_before_sigmoid") => -1.717339846728925334422926667371955363197158987177276874492014749033407296676495, Var("Backtrack2_var%%DistUInt32(4)_before_sigmoid") => -0.7414651834009115168008001815876679480448542831568743893089682484153784716320317, Var("Backtrack2_abs%%DistUInt32(4)_before_sigmoid") => -2.19722457733621912012722532381303608417510986328125, Var("Backtrack1_var%%DistUInt32(0)_before_sigmoid") => -0.2737607149311280779660097183755495446039538849897561066022150384272797157124597, Var("Backtrack2_var%%DistUInt32(1)_before_sigmoid") => 0.1185572981335739733627787756200644791772809826737458535685390885234981248864062, Var("Backtrack2_var%%DistUInt32(5)_before_sigmoid") => 2.052090222213758616265254251533665806330480196865104370161772294395849072929061e-17, Var("Backtrack2_app%%DistUInt32(3)_before_sigmoid") => 2.197224577336219564216435173875652253627777099609375, Var("Frequency1_tbool%%DistUInt32(1)_before_sigmoid") => 2.197224577336219564216435173875652253627777099609375, Var("GenBool2_true%%_before_sigmoid") => 1.301115212811201554142471348763279956584143263604751948079147634466052758747443, Var("Backtrack1_zero%%DistUInt32(0)_before_sigmoid") => 0.7190427311235789119318274521924328175746828161353593133722020110336263268218579, Var("Backtrack2_app%%DistUInt32(1)_before_sigmoid") => -2.172365488633031128661374019247210742723043143937932683806919477579317283049029, Var("Backtrack2_abs%%DistUInt32(2)_before_sigmoid") => -1.189596438252228270487239372273728883566298218030675706716128766129559017290993, Var("Backtrack2_abs%%DistUInt32(3)_before_sigmoid") => -2.19722457733621912012722532381303608417510986328125, Var("Backtrack2_var%%DistUInt32(3)_before_sigmoid") => -2.103882470005733310355302544861303242113987171995340173108865361596615026002004, Var("Backtrack2_app%%DistUInt32(5)_before_sigmoid") => 2.197224577336219564216435173875652253627777099609375, Var("Backtrack2_var%%DistUInt32(2)_before_sigmoid") => -2.097298618642604105969253850225523976433905936725443164081036756856462017174553, Var("Backtrack2_abs%%DistUInt32(5)_before_sigmoid") => -2.19722457733621912012722532381303608417510986328125, Var("Backtrack2_abs%%DistUInt32(1)_before_sigmoid") => 2.098253977146819056253634109089656726903925659320337570094138569252103887344505, Var("Backtrack2_app%%DistUInt32(4)_before_sigmoid") => 2.197224577336219564216435173875652253627777099609375)

Saving samples...
Saved samples to /space2/tjoa/tuning-output/v60_stlc_bespoke_se/stlc/langbespoke/expr_sz=5-typ_sz=1/reinforce_sampling_entropy/freq=2-spb=200/eq=prob_equals/prop=stlcwelltyped/failure_penalty=0.0/forgiveness=0/rand_forgiveness=true/0.1/epochs=500/bound=0.1/terms_trained.txt.
  38.916313407 seconds

Saved Coq generator to /space2/tjoa/tuning-output/v60_stlc_bespoke_se/stlc/langbespoke/expr_sz=5-typ_sz=1/reinforce_sampling_entropy/freq=2-spb=200/eq=prob_equals/prop=stlcwelltyped/failure_penalty=0.0/forgiveness=0/rand_forgiveness=true/0.1/epochs=500/bound=0.1/trained_Generator.v


2024-06-27T13:47:22.114
Total time elapsed: 1 day, 5 hours, 50 minutes, 56 seconds, 323 milliseconds
