2024-08-02T15:02:16.738 4d47afd8 ["Flips{3}()", "Pair{SamplingEntropy{Bools{3}},Float64}[SamplingEntropy{Bools{3}}(1,300,TrueProperty{Bools{3}}(),:prob_equals,0.0,0,true,:identity)=>0.05]", "100", "0.1"]
== Config ==
TAG: v77_metrics
Flips{3}()
Pair{SamplingEntropy{Bools{3}}, Float64}[SamplingEntropy{Bools{3}}(1, 300, TrueProperty{Bools{3}}(), :prob_equals, 0.0, 0, true, :identity) => 0.05]
Epochs: 100
Bound: 0.1
DistNat: DistUInt32
SEED: 0

Building generation computation graph...
  0.013061707 seconds

ADNodes of interest (initial):
Dict("f1" => 0.8236475079774124, "f2" => 0.9103565379264364, "f3" => 0.16456579813368521)

Parameter values (initial):
Dict{Var, Union{Real, AbstractMatrix{<:Real}}}(Var("f1_before_sigmoid") => 1.5412578691042071, Var("f2_before_sigmoid") => 2.317996052537666, Var("f3_before_sigmoid") => -1.6246411130457412)

Default generation_params_emit_stats


ADNodes of interest (trained):
Dict("f1" => 0.6427415979768553, "f2" => 0.7603523243412015, "f3" => 0.3481119477029626)

Parameter values (trained):
Dict{Var, Union{Real, AbstractMatrix{<:Real}}}(Var("f1_before_sigmoid") => 0.5872834389254725, Var("f2_before_sigmoid") => 1.1546120838583105, Var("f3_before_sigmoid") => -0.6273487314084375)

Default generation_params_emit_stats

