2024-06-26T07:56:25.541 76bebd9f ["LangBespokeSTLCGenerator(5,1)", "Pair{SamplingEntropy{STLC},Float64}[SamplingEntropy{STLC}(2,200,STLCWellTyped(),:prob_equals,0.0,0,true)=>0.01]", "2000", "0.1"]
== Config ==
TAG: v60_stlc_bespoke_se
LangBespokeSTLCGenerator(5, 1)
Pair{SamplingEntropy{STLC}, Float64}[SamplingEntropy{STLC}(2, 200, STLCWellTyped(), :prob_equals, 0.0, 0, true) => 0.01]
Epochs: 2000
Bound: 0.1
DistNat: DistUInt32
SEED: 0

Building generation computation graph...
  28.164939625 seconds

Saving samples...
Saved samples to /space2/tjoa/tuning-output/v60_stlc_bespoke_se/stlc/langbespoke/expr_sz=5-typ_sz=1/reinforce_sampling_entropy/freq=2-spb=200/eq=prob_equals/prop=stlcwelltyped/failure_penalty=0.0/forgiveness=0/rand_forgiveness=true/0.01/epochs=2000/bound=0.1/terms_test.txt.
  34.870126509 seconds

ADNodes of interest (initial):
Dict("Backtrack2_var%%DistUInt32(4)" => 0.5, "Backtrack2_abs%%DistUInt32(1)" => 0.5, "Backtrack2_app%%DistUInt32(5)" => 0.5, "GenBool2_true%%" => 0.5, "Backtrack2_var%%DistUInt32(2)" => 0.5, "Frequency1_tbool%%DistUInt32(1)" => 0.5, "Backtrack1_var%%DistUInt32(0)" => 0.5, "Backtrack2_app%%DistUInt32(2)" => 0.5, "Backtrack2_abs%%DistUInt32(4)" => 0.5, "Backtrack2_app%%DistUInt32(3)" => 0.5, "Backtrack2_app%%DistUInt32(4)" => 0.5, "GenBool1_true%%" => 0.5, "Backtrack2_app%%DistUInt32(1)" => 0.5, "Backtrack2_abs%%DistUInt32(3)" => 0.5, "Backtrack2_var%%DistUInt32(3)" => 0.5, "Backtrack2_var%%DistUInt32(1)" => 0.5, "Backtrack2_abs%%DistUInt32(5)" => 0.5, "Frequency1_tfun%%DistUInt32(1)" => 0.5, "Backtrack1_zero%%DistUInt32(0)" => 0.5, "Backtrack2_abs%%DistUInt32(2)" => 0.5, "Backtrack2_var%%DistUInt32(5)" => 0.5)

Parameter values (initial):
Dict{Var, Union{Real, AbstractMatrix{<:Real}}}(Var("Frequency1_tfun%%DistUInt32(1)_before_sigmoid") => 0, Var("Backtrack2_app%%DistUInt32(2)_before_sigmoid") => 0, Var("GenBool1_true%%_before_sigmoid") => 0, Var("Backtrack2_var%%DistUInt32(4)_before_sigmoid") => 0, Var("Backtrack2_abs%%DistUInt32(4)_before_sigmoid") => 0, Var("Backtrack1_var%%DistUInt32(0)_before_sigmoid") => 0, Var("Backtrack2_var%%DistUInt32(1)_before_sigmoid") => 0, Var("Backtrack2_var%%DistUInt32(5)_before_sigmoid") => 0, Var("Backtrack2_app%%DistUInt32(3)_before_sigmoid") => 0, Var("Frequency1_tbool%%DistUInt32(1)_before_sigmoid") => 0, Var("GenBool2_true%%_before_sigmoid") => 0, Var("Backtrack1_zero%%DistUInt32(0)_before_sigmoid") => 0, Var("Backtrack2_app%%DistUInt32(1)_before_sigmoid") => 0, Var("Backtrack2_abs%%DistUInt32(2)_before_sigmoid") => 0, Var("Backtrack2_abs%%DistUInt32(3)_before_sigmoid") => 0, Var("Backtrack2_var%%DistUInt32(3)_before_sigmoid") => 0, Var("Backtrack2_app%%DistUInt32(5)_before_sigmoid") => 0, Var("Backtrack2_var%%DistUInt32(2)_before_sigmoid") => 0, Var("Backtrack2_abs%%DistUInt32(5)_before_sigmoid") => 0, Var("Backtrack2_abs%%DistUInt32(1)_before_sigmoid") => 0, Var("Backtrack2_app%%DistUInt32(4)_before_sigmoid") => 0)

Saving samples...
Saved samples to /space2/tjoa/tuning-output/v60_stlc_bespoke_se/stlc/langbespoke/expr_sz=5-typ_sz=1/reinforce_sampling_entropy/freq=2-spb=200/eq=prob_equals/prop=stlcwelltyped/failure_penalty=0.0/forgiveness=0/rand_forgiveness=true/0.01/epochs=2000/bound=0.1/terms_initial.txt.
  30.815787153 seconds

Saved Coq generator to /space2/tjoa/tuning-output/v60_stlc_bespoke_se/stlc/langbespoke/expr_sz=5-typ_sz=1/reinforce_sampling_entropy/freq=2-spb=200/eq=prob_equals/prop=stlcwelltyped/failure_penalty=0.0/forgiveness=0/rand_forgiveness=true/0.01/epochs=2000/bound=0.1/initial_Generator.v


ADNodes of interest (trained):
Dict{String, BigFloat}("Backtrack2_var%%DistUInt32(4)" => 0.1000000000000000236396938635028838629724593466497362385965834168731880187423625, "Backtrack2_abs%%DistUInt32(1)" => 0.1943389740006576059842521627872009749960396959553357841193316501591286792329672, "Backtrack2_app%%DistUInt32(5)" => 0.9000000000000000163283350230027528910365088678085701428344115351713984565345426, "GenBool2_true%%" => 0.6527182706689751530830589817293389454829115685038197375064926884241276720155193, "Backtrack2_var%%DistUInt32(2)" => 0.116768157139321752717881138913355873440440485270366906631762750867956983336011, "Frequency1_tbool%%DistUInt32(1)" => 0.5774946191985205282195137769361308569375898147076218525995619132543146058018402, "Backtrack1_var%%DistUInt32(0)" => 0.370509930421169412346171156530664122777899641161094160745017548505121845589655, "Backtrack2_app%%DistUInt32(2)" => 0.8993189854733223629819754166325582845528827081147504806407859423453566550351354, "Backtrack2_abs%%DistUInt32(4)" => 0.1000000000000000236396938635028838629724593466497362385965834168731880187423625, "Backtrack2_app%%DistUInt32(3)" => 0.9000000000000000163283350230027528910365088678085701428344115351713984565345426, "Backtrack2_app%%DistUInt32(4)" => 0.9000000000000000163283350230027528910365088678085701428344115351713984565345426, "GenBool1_true%%" => 0.3199012964947216895651588577942717861732055989619005294271647161255361514577929, "Backtrack2_app%%DistUInt32(1)" => 0.8013086771731598956135772188207357623570828060084952226397990044630580526840536, "Backtrack2_abs%%DistUInt32(3)" => 0.1000000000000000236396938635028838629724593466497362385965834168731880187423625, "Backtrack2_var%%DistUInt32(3)" => 0.1004679009624564438824731317326583817045643136531388887910103622293369105188352, "Backtrack2_var%%DistUInt32(1)" => 0.2529218843970228608989609633231896875200470548848120103828745203676966301617828, "Backtrack2_abs%%DistUInt32(5)" => 0.1000000000000000236396938635028838629724593466497362385965834168731880187423625, "Frequency1_tfun%%DistUInt32(1)" => 0.5662515265341283115809328354999326539927054151185993548137359700287171526455115, "Backtrack1_zero%%DistUInt32(0)" => 0.6180636175248519677231497581522050603167835983641073866342687107382092685892297, "Backtrack2_abs%%DistUInt32(2)" => 0.1060086446169261219349381214248507534312423345502179127561701201070036476047383, "Backtrack2_var%%DistUInt32(5)" => 0.5000000000000000005130225555534395681945247675369620065546557194194905853525505)

Parameter values (trained):
Dict{Var, Union{Real, AbstractMatrix{<:Real}}}(Var("Frequency1_tfun%%DistUInt32(1)_before_sigmoid") => 0.2665735607917836430273796226105210624634231951683134573279785369411322977972524, Var("Backtrack2_app%%DistUInt32(2)_before_sigmoid") => 2.189680547126699907911530105142816158824500299093414348160760547217975667488863, Var("GenBool1_true%%_before_sigmoid") => -0.7542254400904648084668353942041925776796872593980492692332909055154317558724291, Var("Backtrack2_var%%DistUInt32(4)_before_sigmoid") => -2.19722457733621912012722532381303608417510986328125, Var("Backtrack2_abs%%DistUInt32(4)_before_sigmoid") => -2.19722457733621912012722532381303608417510986328125, Var("Backtrack1_var%%DistUInt32(0)_before_sigmoid") => -0.5300298311336268738490101531868575759732656591701118814943349368127870858567777, Var("Backtrack2_var%%DistUInt32(1)_before_sigmoid") => -1.083089068364369415482117255612805153841672567853904643532877391438843960652465, Var("Backtrack2_var%%DistUInt32(5)_before_sigmoid") => 2.052090222213758272778099070147848026938748240612958295902475934116059234579559e-18, Var("Backtrack2_app%%DistUInt32(3)_before_sigmoid") => 2.197224577336219564216435173875652253627777099609375, Var("Frequency1_tbool%%DistUInt32(1)_before_sigmoid") => 0.3124969426064474183948830109807768353752943851211354429320702187519948005004669, Var("GenBool2_true%%_before_sigmoid") => 0.6310092470709016062391066343011788441997509724231393801617996197144385359003617, Var("Backtrack1_zero%%DistUInt32(0)_before_sigmoid") => 0.4813373364239505972716071859024975468277072976212498620341010388104409835696211, Var("Backtrack2_app%%DistUInt32(1)_before_sigmoid") => 1.394493758709681539146701903311132957497482556890517369116476346502004906546007, Var("Backtrack2_abs%%DistUInt32(2)_before_sigmoid") => -2.13217546175621429460786754966922718801538738382765285596769092160676320536211, Var("Backtrack2_abs%%DistUInt32(3)_before_sigmoid") => -2.19722457733621912012722532381303608417510986328125, Var("Backtrack2_var%%DistUInt32(3)_before_sigmoid") => -2.192036455102584680741651905970051090136988649868679809900794953864852115706295, Var("Backtrack2_app%%DistUInt32(5)_before_sigmoid") => 2.197224577336219564216435173875652253627777099609375, Var("Backtrack2_var%%DistUInt32(2)_before_sigmoid") => -2.023397322843799772118800117263707708555238743898270605543203979665616912453332, Var("Backtrack2_abs%%DistUInt32(5)_before_sigmoid") => -2.19722457733621912012722532381303608417510986328125, Var("Backtrack2_abs%%DistUInt32(1)_before_sigmoid") => -1.422059167775324007315981621751361578669366684504957047849401210951566035411752, Var("Backtrack2_app%%DistUInt32(4)_before_sigmoid") => 2.197224577336219564216435173875652253627777099609375)

Saving samples...
Saved samples to /space2/tjoa/tuning-output/v60_stlc_bespoke_se/stlc/langbespoke/expr_sz=5-typ_sz=1/reinforce_sampling_entropy/freq=2-spb=200/eq=prob_equals/prop=stlcwelltyped/failure_penalty=0.0/forgiveness=0/rand_forgiveness=true/0.01/epochs=2000/bound=0.1/terms_trained.txt.
  27.696474614 seconds

Saved Coq generator to /space2/tjoa/tuning-output/v60_stlc_bespoke_se/stlc/langbespoke/expr_sz=5-typ_sz=1/reinforce_sampling_entropy/freq=2-spb=200/eq=prob_equals/prop=stlcwelltyped/failure_penalty=0.0/forgiveness=0/rand_forgiveness=true/0.01/epochs=2000/bound=0.1/trained_Generator.v


2024-06-30T23:41:06.105
Total time elapsed: 4 days, 15 hours, 44 minutes, 40 seconds, 564 milliseconds
