2024-06-23T16:55:42.354 057b790f ["-f", "LangBespokeSTLCGenerator(4,2)", "Pair{SamplingEntropy{STLC},Float64}[SamplingEntropy{STLC}(2,200,STLCWellTyped(),:prob_equals,0.0,0,true)=>0.03]", "10", "0.1"]
== Config ==
TAG: v58_stlc_bespoke_se
LangBespokeSTLCGenerator(4, 2)
Pair{SamplingEntropy{STLC}, Float64}[SamplingEntropy{STLC}(2, 200, STLCWellTyped(), :prob_equals, 0.0, 0, true) => 0.03]
Epochs: 10
Bound: 0.1
DistNat: DistUInt32
SEED: 0

Building generation computation graph...
  22.791765081 seconds

Saving samples...
Saved samples to /space2/tjoa/tuning-output/v58_stlc_bespoke_se/stlc/langbespoke/expr_sz=4-typ_sz=2/reinforce_sampling_entropy/freq=2-spb=200/eq=prob_equals/prop=stlcwelltyped/failure_penalty=0.0/forgiveness=0/rand_forgiveness=true/0.03/epochs=10/bound=0.1/terms_test.txt.
  23.716713595 seconds

ADNodes of interest (initial):
Dict("Backtrack2_var%%DistUInt32(4)" => 0.5, "Backtrack2_abs%%DistUInt32(1)" => 0.5, "GenBool2_true%%" => 0.5, "Backtrack2_var%%DistUInt32(2)" => 0.5, "Frequency1_tbool%%DistUInt32(1)" => 0.5, "Backtrack1_var%%DistUInt32(0)" => 0.5, "Backtrack2_app%%DistUInt32(2)" => 0.5, "Backtrack2_abs%%DistUInt32(4)" => 0.5, "Backtrack2_app%%DistUInt32(3)" => 0.5, "Backtrack2_app%%DistUInt32(4)" => 0.5, "GenBool1_true%%" => 0.5, "Backtrack2_app%%DistUInt32(1)" => 0.5, "Frequency1_tfun%%DistUInt32(2)" => 0.5, "Backtrack2_abs%%DistUInt32(3)" => 0.5, "Frequency1_tbool%%DistUInt32(2)" => 0.5, "Backtrack2_var%%DistUInt32(3)" => 0.5, "Backtrack2_var%%DistUInt32(1)" => 0.5, "Frequency1_tfun%%DistUInt32(1)" => 0.5, "Backtrack1_zero%%DistUInt32(0)" => 0.5, "Backtrack2_abs%%DistUInt32(2)" => 0.5)

Parameter values (initial):
Dict{Var, Union{Real, AbstractMatrix{<:Real}}}(Var("Frequency1_tfun%%DistUInt32(1)_before_sigmoid") => 0, Var("Backtrack2_app%%DistUInt32(2)_before_sigmoid") => 0, Var("GenBool1_true%%_before_sigmoid") => 0, Var("Frequency1_tbool%%DistUInt32(2)_before_sigmoid") => 0, Var("Frequency1_tfun%%DistUInt32(2)_before_sigmoid") => 0, Var("Backtrack2_var%%DistUInt32(4)_before_sigmoid") => 0, Var("Backtrack2_abs%%DistUInt32(4)_before_sigmoid") => 0, Var("Backtrack1_var%%DistUInt32(0)_before_sigmoid") => 0, Var("Backtrack2_var%%DistUInt32(1)_before_sigmoid") => 0, Var("Backtrack2_app%%DistUInt32(3)_before_sigmoid") => 0, Var("Frequency1_tbool%%DistUInt32(1)_before_sigmoid") => 0, Var("GenBool2_true%%_before_sigmoid") => 0, Var("Backtrack1_zero%%DistUInt32(0)_before_sigmoid") => 0, Var("Backtrack2_app%%DistUInt32(1)_before_sigmoid") => 0, Var("Backtrack2_abs%%DistUInt32(2)_before_sigmoid") => 0, Var("Backtrack2_abs%%DistUInt32(3)_before_sigmoid") => 0, Var("Backtrack2_var%%DistUInt32(3)_before_sigmoid") => 0, Var("Backtrack2_var%%DistUInt32(2)_before_sigmoid") => 0, Var("Backtrack2_abs%%DistUInt32(1)_before_sigmoid") => 0, Var("Backtrack2_app%%DistUInt32(4)_before_sigmoid") => 0)

Saving samples...
Saved samples to /space2/tjoa/tuning-output/v58_stlc_bespoke_se/stlc/langbespoke/expr_sz=4-typ_sz=2/reinforce_sampling_entropy/freq=2-spb=200/eq=prob_equals/prop=stlcwelltyped/failure_penalty=0.0/forgiveness=0/rand_forgiveness=true/0.03/epochs=10/bound=0.1/terms_initial.txt.
  19.410943762 seconds

Saved Coq generator to /space2/tjoa/tuning-output/v58_stlc_bespoke_se/stlc/langbespoke/expr_sz=4-typ_sz=2/reinforce_sampling_entropy/freq=2-spb=200/eq=prob_equals/prop=stlcwelltyped/failure_penalty=0.0/forgiveness=0/rand_forgiveness=true/0.03/epochs=10/bound=0.1/initial_Generator.v


ADNodes of interest (trained):
Dict{String, BigFloat}("Backtrack2_var%%DistUInt32(4)" => 0.5000000000000000010553227403232936038615871457892387222752975250444873447242886, "Backtrack2_abs%%DistUInt32(1)" => 0.4824180362649317697285550500967865001702600452860613536345265343275686000973938, "GenBool2_true%%" => 0.5202947161697999668973570660874512160954465135620383993361870158365995905884695, "Backtrack2_var%%DistUInt32(2)" => 0.4879638061543000621253167061735850061193222665977714067625389346093823322086603, "Frequency1_tbool%%DistUInt32(1)" => 0.5201641921272399717126664633973137530771961734207518819603700676938218848382269, "Backtrack1_var%%DistUInt32(0)" => 0.502139115543818932419141565115386552008475147429248656064350561241835019202749, "Backtrack2_app%%DistUInt32(2)" => 0.5812613170614879957571149267062785132062800398854667504934981463019987811716231, "Backtrack2_abs%%DistUInt32(4)" => 0.368895230841742477377594315480140010031528345645992073135850634564721963103986, "Backtrack2_app%%DistUInt32(3)" => 0.5953167256936565727434470404377965621017559677372327620706404011339493103174325, "Backtrack2_app%%DistUInt32(4)" => 0.6066412215931071071767277801948242338558482002689939374017651839794255098004108, "GenBool1_true%%" => 0.4628461501283797797269982840590630353043187190388538626223045152188350672024536, "Backtrack2_app%%DistUInt32(1)" => 0.519615731406727054545592366772303642298267339011401574550117886478540860065195, "Frequency1_tfun%%DistUInt32(2)" => 0.5815060754894830509957050480854846295699039610053603303401366063392169485988366, "Backtrack2_abs%%DistUInt32(3)" => 0.393800867610499840728013736328087183264825386206285175619486202641828169217416, "Frequency1_tbool%%DistUInt32(2)" => 0.4059442040730393302290186946205019231404503155851142297183805523757695710128438, "Backtrack2_var%%DistUInt32(3)" => 0.4929232355861819080014523058046255050968268708980754872724524094527415991214278, "Backtrack2_var%%DistUInt32(1)" => 0.4977413821449622619864723838134964173300189877279489192040613430410328283560763, "Frequency1_tfun%%DistUInt32(1)" => 0.4792260230376352552152147901135300532152300920604664759981055722095258599184357, "Backtrack1_zero%%DistUInt32(0)" => 0.4979055712851310478299116268908543553189514589328655292109153051511984451488839, "Backtrack2_abs%%DistUInt32(2)" => 0.418456709083481362824797107153912364747573222505289372328750645502133957767777)

Parameter values (trained):
Dict{Var, Union{Real, AbstractMatrix{<:Real}}}(Var("Frequency1_tfun%%DistUInt32(1)_before_sigmoid") => -0.0831437717186460520843366450359321291031193064925083234182148598244226063927485, Var("Backtrack2_app%%DistUInt32(2)_before_sigmoid") => 0.3279533699697432236214682099121389963409248318850704899458238922318763939621105, Var("GenBool1_true%%_before_sigmoid") => -0.148889842579348470186533675689812082910589451672326291844325457205856119717796, Var("Frequency1_tbool%%DistUInt32(2)_before_sigmoid") => -0.3807575257221740206661496327925402407863673424063054801458368312134761936190309, Var("Frequency1_tfun%%DistUInt32(2)_before_sigmoid") => 0.3289590473399096381027916897441270009760335975567416692903962819611214062171276, Var("Backtrack2_var%%DistUInt32(4)_before_sigmoid") => 4.221290961293174415446348583156954895369560014040267631316445058458162915294684e-18, Var("Backtrack2_abs%%DistUInt32(4)_before_sigmoid") => -0.5369592089921277138476624653230192101254751505704384302563933023551283448164931, Var("Backtrack1_var%%DistUInt32(0)_before_sigmoid") => 0.008556514379569862066144156853988742266251614760459817916723903283892411393877116, Var("Backtrack2_var%%DistUInt32(1)_before_sigmoid") => -0.00903453287162661849880451261362048906829026970419276165669810985886459497137511, Var("Backtrack2_app%%DistUInt32(3)_before_sigmoid") => 0.3859888536030405377573619974060896990055755246935738166086554445017913261791697, Var("Frequency1_tbool%%DistUInt32(1)_before_sigmoid") => 0.08070053737453871612782656246101384699314634048931282348997197101329230998857458, Var("GenBool2_true%%_before_sigmoid") => 0.08122348958039788358014357196752410355748268132252743811769060582733406712720483, Var("Backtrack1_zero%%DistUInt32(0)_before_sigmoid") => -0.008377763859923798906317041614598553724448352220805022785290550822513839467759132, Var("Backtrack2_app%%DistUInt32(1)_before_sigmoid") => 0.0785032171382409983840727282362008510774905835866898345466360481932751531147482, Var("Backtrack2_abs%%DistUInt32(2)_before_sigmoid") => -0.3291119746349319594593632889603140487759151446669895775325318976205156468990744, Var("Backtrack2_abs%%DistUInt32(3)_before_sigmoid") => -0.4313631640164687494742466233595069264396812711850976307769280562164392165844015, Var("Backtrack2_var%%DistUInt32(3)_before_sigmoid") => -0.02830894806152913139991006284225028692347534738743819273334341689640055267273249, Var("Backtrack2_var%%DistUInt32(2)_before_sigmoid") => -0.04815407825990421997289309945407764215715801827810073339215827150272777108535212, Var("Backtrack2_abs%%DistUInt32(1)_before_sigmoid") => -0.07035686330427960187445126125588818830266636690174830025031766360763716891026026, Var("Backtrack2_app%%DistUInt32(4)_before_sigmoid") => 0.4332154305299598312343527043090800357421459053883164813667327689362907869522723)

Saving samples...
Saved samples to /space2/tjoa/tuning-output/v58_stlc_bespoke_se/stlc/langbespoke/expr_sz=4-typ_sz=2/reinforce_sampling_entropy/freq=2-spb=200/eq=prob_equals/prop=stlcwelltyped/failure_penalty=0.0/forgiveness=0/rand_forgiveness=true/0.03/epochs=10/bound=0.1/terms_trained.txt.
  19.067216402 seconds

Saved Coq generator to /space2/tjoa/tuning-output/v58_stlc_bespoke_se/stlc/langbespoke/expr_sz=4-typ_sz=2/reinforce_sampling_entropy/freq=2-spb=200/eq=prob_equals/prop=stlcwelltyped/failure_penalty=0.0/forgiveness=0/rand_forgiveness=true/0.03/epochs=10/bound=0.1/trained_Generator.v


2024-06-23T17:21:43.667
Total time elapsed: 26 minutes, 1 second, 313 milliseconds
