2024-06-26T07:56:25.745 76bebd9f ["LangBespokeSTLCGenerator(5,1)", "Pair{SamplingEntropy{STLC},Float64}[SamplingEntropy{STLC}(2,50,STLCWellTyped(),:prob_equals,0.0,0,true)=>0.01]", "500", "0.1"]
== Config ==
TAG: v60_stlc_bespoke_se
LangBespokeSTLCGenerator(5, 1)
Pair{SamplingEntropy{STLC}, Float64}[SamplingEntropy{STLC}(2, 50, STLCWellTyped(), :prob_equals, 0.0, 0, true) => 0.01]
Epochs: 500
Bound: 0.1
DistNat: DistUInt32
SEED: 0

Building generation computation graph...
  29.297057504 seconds

Saving samples...
Saved samples to /space2/tjoa/tuning-output/v60_stlc_bespoke_se/stlc/langbespoke/expr_sz=5-typ_sz=1/reinforce_sampling_entropy/freq=2-spb=50/eq=prob_equals/prop=stlcwelltyped/failure_penalty=0.0/forgiveness=0/rand_forgiveness=true/0.01/epochs=500/bound=0.1/terms_test.txt.
  38.518006825 seconds

ADNodes of interest (initial):
Dict("Backtrack2_var%%DistUInt32(4)" => 0.5, "Backtrack2_abs%%DistUInt32(1)" => 0.5, "Backtrack2_app%%DistUInt32(5)" => 0.5, "GenBool2_true%%" => 0.5, "Backtrack2_var%%DistUInt32(2)" => 0.5, "Frequency1_tbool%%DistUInt32(1)" => 0.5, "Backtrack1_var%%DistUInt32(0)" => 0.5, "Backtrack2_app%%DistUInt32(2)" => 0.5, "Backtrack2_abs%%DistUInt32(4)" => 0.5, "Backtrack2_app%%DistUInt32(3)" => 0.5, "Backtrack2_app%%DistUInt32(4)" => 0.5, "GenBool1_true%%" => 0.5, "Backtrack2_app%%DistUInt32(1)" => 0.5, "Backtrack2_abs%%DistUInt32(3)" => 0.5, "Backtrack2_var%%DistUInt32(3)" => 0.5, "Backtrack2_var%%DistUInt32(1)" => 0.5, "Backtrack2_abs%%DistUInt32(5)" => 0.5, "Frequency1_tfun%%DistUInt32(1)" => 0.5, "Backtrack1_zero%%DistUInt32(0)" => 0.5, "Backtrack2_abs%%DistUInt32(2)" => 0.5, "Backtrack2_var%%DistUInt32(5)" => 0.5)

Parameter values (initial):
Dict{Var, Union{Real, AbstractMatrix{<:Real}}}(Var("Frequency1_tfun%%DistUInt32(1)_before_sigmoid") => 0, Var("Backtrack2_app%%DistUInt32(2)_before_sigmoid") => 0, Var("GenBool1_true%%_before_sigmoid") => 0, Var("Backtrack2_var%%DistUInt32(4)_before_sigmoid") => 0, Var("Backtrack2_abs%%DistUInt32(4)_before_sigmoid") => 0, Var("Backtrack1_var%%DistUInt32(0)_before_sigmoid") => 0, Var("Backtrack2_var%%DistUInt32(1)_before_sigmoid") => 0, Var("Backtrack2_var%%DistUInt32(5)_before_sigmoid") => 0, Var("Backtrack2_app%%DistUInt32(3)_before_sigmoid") => 0, Var("Frequency1_tbool%%DistUInt32(1)_before_sigmoid") => 0, Var("GenBool2_true%%_before_sigmoid") => 0, Var("Backtrack1_zero%%DistUInt32(0)_before_sigmoid") => 0, Var("Backtrack2_app%%DistUInt32(1)_before_sigmoid") => 0, Var("Backtrack2_abs%%DistUInt32(2)_before_sigmoid") => 0, Var("Backtrack2_abs%%DistUInt32(3)_before_sigmoid") => 0, Var("Backtrack2_var%%DistUInt32(3)_before_sigmoid") => 0, Var("Backtrack2_app%%DistUInt32(5)_before_sigmoid") => 0, Var("Backtrack2_var%%DistUInt32(2)_before_sigmoid") => 0, Var("Backtrack2_abs%%DistUInt32(5)_before_sigmoid") => 0, Var("Backtrack2_abs%%DistUInt32(1)_before_sigmoid") => 0, Var("Backtrack2_app%%DistUInt32(4)_before_sigmoid") => 0)

Saving samples...
Saved samples to /space2/tjoa/tuning-output/v60_stlc_bespoke_se/stlc/langbespoke/expr_sz=5-typ_sz=1/reinforce_sampling_entropy/freq=2-spb=50/eq=prob_equals/prop=stlcwelltyped/failure_penalty=0.0/forgiveness=0/rand_forgiveness=true/0.01/epochs=500/bound=0.1/terms_initial.txt.
  34.209232462 seconds

Saved Coq generator to /space2/tjoa/tuning-output/v60_stlc_bespoke_se/stlc/langbespoke/expr_sz=5-typ_sz=1/reinforce_sampling_entropy/freq=2-spb=50/eq=prob_equals/prop=stlcwelltyped/failure_penalty=0.0/forgiveness=0/rand_forgiveness=true/0.01/epochs=500/bound=0.1/initial_Generator.v


ADNodes of interest (trained):
Dict{String, BigFloat}("Backtrack2_var%%DistUInt32(4)" => 0.3126192955797585815303290508705654236912827949164904051992143290088484479271138, "Backtrack2_abs%%DistUInt32(1)" => 0.3402150457089218602251127707798091446166485037170513346549690505919961706358745, "Backtrack2_app%%DistUInt32(5)" => 0.9000000000000000163283350230027528910365088678085701428344115351713984565345426, "GenBool2_true%%" => 0.3942503021664851659243327362658756271687967537624071846540825230885299553011398, "Backtrack2_var%%DistUInt32(2)" => 0.334288453891932982910134519482683159236154022586768913902764729356615914024312, "Frequency1_tbool%%DistUInt32(1)" => 0.3818337251405376066755907994458217366814379208189321492486061626716855854822121, "Backtrack1_var%%DistUInt32(0)" => 0.298238289994655573477139409327050795305373218089163789317290790830190477563559, "Backtrack2_app%%DistUInt32(2)" => 0.8581565486121425249274696429468366295929045935515222920399834292210117805505829, "Backtrack2_abs%%DistUInt32(4)" => 0.1000000000000000236396938635028838629724593466497362385965834168731880187423625, "Backtrack2_app%%DistUInt32(3)" => 0.8999294536420606886328534172103528710383450388347459825829710927131551184801912, "Backtrack2_app%%DistUInt32(4)" => 0.9000000000000000163283350230027528910365088678085701428344115351713984565345426, "GenBool1_true%%" => 0.5039202212064735843748513730659523900496997208207351305041645850951307054942154, "Backtrack2_app%%DistUInt32(1)" => 0.7565553243740139737356404242391565918144955032137685723376440502966064383628131, "Backtrack2_abs%%DistUInt32(3)" => 0.1000000000000000236396938635028838629724593466497362385965834168731880187423625, "Backtrack2_var%%DistUInt32(3)" => 0.3496947351355358657379379655193141998739898019940682923773295801743648521802514, "Backtrack2_var%%DistUInt32(1)" => 0.3007108487094974932703224685856648131200716965099372442867451400619132353224275, "Backtrack2_abs%%DistUInt32(5)" => 0.1000000000000000236396938635028838629724593466497362385965834168731880187423625, "Frequency1_tfun%%DistUInt32(1)" => 0.6739581150889434644343485793375118633267137074490059584154437107657313231022374, "Backtrack1_zero%%DistUInt32(0)" => 0.6616247388485887418197431841035419962289626692650427192823633381096864571724417, "Backtrack2_abs%%DistUInt32(2)" => 0.1000193831913448235270112267184216121813773674945351937998318076627390771635071, "Backtrack2_var%%DistUInt32(5)" => 0.5000000000000000027936881096410967588306136400788754214196667770818541086039035)

Parameter values (trained):
Dict{Var, Union{Real, AbstractMatrix{<:Real}}}(Var("Frequency1_tfun%%DistUInt32(1)_before_sigmoid") => 0.7261421107604029115456948281056913677322342556805792850107195377463396164021167, Var("Backtrack2_app%%DistUInt32(2)_before_sigmoid") => 1.800062545998881485589756001554947416919762848729312604266871812363763508108, Var("GenBool1_true%%_before_sigmoid") => 0.01568120615233816208322761782336514549749524867171315334665472780844416203351364, Var("Backtrack2_var%%DistUInt32(4)_before_sigmoid") => -0.7879021514556845753934940710147159917872606320456895987131303294433313624104023, Var("Backtrack2_abs%%DistUInt32(4)_before_sigmoid") => -2.19722457733621912012722532381303608417510986328125, Var("Backtrack1_var%%DistUInt32(0)_before_sigmoid") => -0.8557011041391464772942628288057965740365760660779582169507130275551582631953678, Var("Backtrack2_var%%DistUInt32(1)_before_sigmoid") => -0.8439151533931407634382160701715164024754632236297127549972768317088048451879814, Var("Backtrack2_var%%DistUInt32(5)_before_sigmoid") => 1.117475243856438703532245456031550180196602040409445968662682483724521030319856e-17, Var("Backtrack2_app%%DistUInt32(3)_before_sigmoid") => 2.196440974564880566625072627182948435163547212236203053405758531188067198958201, Var("Frequency1_tbool%%DistUInt32(1)_before_sigmoid") => -0.4817722350941080338911488530285501677927679344664254136526747576625789649899525, Var("GenBool2_true%%_before_sigmoid") => -0.4294808685896082503798794997430114192125181368760286727713995085485482605394687, Var("Backtrack1_zero%%DistUInt32(0)_before_sigmoid") => 0.6705430157507334824819023514223967102446742425221232169260155918606441263619974, Var("Backtrack2_app%%DistUInt32(1)_before_sigmoid") => 1.133885950689257059826450452430786294830951448513768992555898690074384433864872, Var("Backtrack2_abs%%DistUInt32(2)_before_sigmoid") => -2.197009227094555421366289157882830755272332988424588421002011928951550608742946, Var("Backtrack2_abs%%DistUInt32(3)_before_sigmoid") => -2.19722457733621912012722532381303608417510986328125, Var("Backtrack2_var%%DistUInt32(3)_before_sigmoid") => -0.6203813023156832245408370405123743661915232441179051827477458906062991689528917, Var("Backtrack2_app%%DistUInt32(5)_before_sigmoid") => 2.197224577336219564216435173875652253627777099609375, Var("Backtrack2_var%%DistUInt32(2)_before_sigmoid") => -0.6888522081015290850960361848899437845899361384392673875292313009443445870509103, Var("Backtrack2_abs%%DistUInt32(5)_before_sigmoid") => -2.19722457733621912012722532381303608417510986328125, Var("Backtrack2_abs%%DistUInt32(1)_before_sigmoid") => -0.6623360500421294704679231745274112710842419192882663258465029773085790520135287, Var("Backtrack2_app%%DistUInt32(4)_before_sigmoid") => 2.197224577336219564216435173875652253627777099609375)

Saving samples...
Saved samples to /space2/tjoa/tuning-output/v60_stlc_bespoke_se/stlc/langbespoke/expr_sz=5-typ_sz=1/reinforce_sampling_entropy/freq=2-spb=50/eq=prob_equals/prop=stlcwelltyped/failure_penalty=0.0/forgiveness=0/rand_forgiveness=true/0.01/epochs=500/bound=0.1/terms_trained.txt.
  37.312765357 seconds

Saved Coq generator to /space2/tjoa/tuning-output/v60_stlc_bespoke_se/stlc/langbespoke/expr_sz=5-typ_sz=1/reinforce_sampling_entropy/freq=2-spb=50/eq=prob_equals/prop=stlcwelltyped/failure_penalty=0.0/forgiveness=0/rand_forgiveness=true/0.01/epochs=500/bound=0.1/trained_Generator.v


2024-06-26T15:37:31.475
Total time elapsed: 7 hours, 41 minutes, 5 seconds, 730 milliseconds
