2024-06-26T07:56:25.469 76bebd9f ["LangBespokeSTLCGenerator(5,1)", "Pair{SamplingEntropy{STLC},Float64}[SamplingEntropy{STLC}(2,200,STLCWellTyped(),:prob_equals,0.0,0,true)=>0.01]", "500", "0.1"]
== Config ==
TAG: v60_stlc_bespoke_se
LangBespokeSTLCGenerator(5, 1)
Pair{SamplingEntropy{STLC}, Float64}[SamplingEntropy{STLC}(2, 200, STLCWellTyped(), :prob_equals, 0.0, 0, true) => 0.01]
Epochs: 500
Bound: 0.1
DistNat: DistUInt32
SEED: 0

Building generation computation graph...
  27.293736254 seconds

Saving samples...
Saved samples to /space2/tjoa/tuning-output/v60_stlc_bespoke_se/stlc/langbespoke/expr_sz=5-typ_sz=1/reinforce_sampling_entropy/freq=2-spb=200/eq=prob_equals/prop=stlcwelltyped/failure_penalty=0.0/forgiveness=0/rand_forgiveness=true/0.01/epochs=500/bound=0.1/terms_test.txt.
  35.754574588 seconds

ADNodes of interest (initial):
Dict("Backtrack2_var%%DistUInt32(4)" => 0.5, "Backtrack2_abs%%DistUInt32(1)" => 0.5, "Backtrack2_app%%DistUInt32(5)" => 0.5, "GenBool2_true%%" => 0.5, "Backtrack2_var%%DistUInt32(2)" => 0.5, "Frequency1_tbool%%DistUInt32(1)" => 0.5, "Backtrack1_var%%DistUInt32(0)" => 0.5, "Backtrack2_app%%DistUInt32(2)" => 0.5, "Backtrack2_abs%%DistUInt32(4)" => 0.5, "Backtrack2_app%%DistUInt32(3)" => 0.5, "Backtrack2_app%%DistUInt32(4)" => 0.5, "GenBool1_true%%" => 0.5, "Backtrack2_app%%DistUInt32(1)" => 0.5, "Backtrack2_abs%%DistUInt32(3)" => 0.5, "Backtrack2_var%%DistUInt32(3)" => 0.5, "Backtrack2_var%%DistUInt32(1)" => 0.5, "Backtrack2_abs%%DistUInt32(5)" => 0.5, "Frequency1_tfun%%DistUInt32(1)" => 0.5, "Backtrack1_zero%%DistUInt32(0)" => 0.5, "Backtrack2_abs%%DistUInt32(2)" => 0.5, "Backtrack2_var%%DistUInt32(5)" => 0.5)

Parameter values (initial):
Dict{Var, Union{Real, AbstractMatrix{<:Real}}}(Var("Frequency1_tfun%%DistUInt32(1)_before_sigmoid") => 0, Var("Backtrack2_app%%DistUInt32(2)_before_sigmoid") => 0, Var("GenBool1_true%%_before_sigmoid") => 0, Var("Backtrack2_var%%DistUInt32(4)_before_sigmoid") => 0, Var("Backtrack2_abs%%DistUInt32(4)_before_sigmoid") => 0, Var("Backtrack1_var%%DistUInt32(0)_before_sigmoid") => 0, Var("Backtrack2_var%%DistUInt32(1)_before_sigmoid") => 0, Var("Backtrack2_var%%DistUInt32(5)_before_sigmoid") => 0, Var("Backtrack2_app%%DistUInt32(3)_before_sigmoid") => 0, Var("Frequency1_tbool%%DistUInt32(1)_before_sigmoid") => 0, Var("GenBool2_true%%_before_sigmoid") => 0, Var("Backtrack1_zero%%DistUInt32(0)_before_sigmoid") => 0, Var("Backtrack2_app%%DistUInt32(1)_before_sigmoid") => 0, Var("Backtrack2_abs%%DistUInt32(2)_before_sigmoid") => 0, Var("Backtrack2_abs%%DistUInt32(3)_before_sigmoid") => 0, Var("Backtrack2_var%%DistUInt32(3)_before_sigmoid") => 0, Var("Backtrack2_app%%DistUInt32(5)_before_sigmoid") => 0, Var("Backtrack2_var%%DistUInt32(2)_before_sigmoid") => 0, Var("Backtrack2_abs%%DistUInt32(5)_before_sigmoid") => 0, Var("Backtrack2_abs%%DistUInt32(1)_before_sigmoid") => 0, Var("Backtrack2_app%%DistUInt32(4)_before_sigmoid") => 0)

Saving samples...
Saved samples to /space2/tjoa/tuning-output/v60_stlc_bespoke_se/stlc/langbespoke/expr_sz=5-typ_sz=1/reinforce_sampling_entropy/freq=2-spb=200/eq=prob_equals/prop=stlcwelltyped/failure_penalty=0.0/forgiveness=0/rand_forgiveness=true/0.01/epochs=500/bound=0.1/terms_initial.txt.
  31.391663589 seconds

Saved Coq generator to /space2/tjoa/tuning-output/v60_stlc_bespoke_se/stlc/langbespoke/expr_sz=5-typ_sz=1/reinforce_sampling_entropy/freq=2-spb=200/eq=prob_equals/prop=stlcwelltyped/failure_penalty=0.0/forgiveness=0/rand_forgiveness=true/0.01/epochs=500/bound=0.1/initial_Generator.v


ADNodes of interest (trained):
Dict{String, BigFloat}("Backtrack2_var%%DistUInt32(4)" => 0.3377894138073211661457460998900667614376758057005657144059703623619027263026882, "Backtrack2_abs%%DistUInt32(1)" => 0.2838458265186384847561731522314045093530394372125117656612692699166387675152723, "Backtrack2_app%%DistUInt32(5)" => 0.9000000000000000163283350230027528910365088678085701428344115351713984565345426, "GenBool2_true%%" => 0.5689059200257435488164928040722504223047817291231233696887235081646717928945539, "Backtrack2_var%%DistUInt32(2)" => 0.3395341539015627565917469032637688090146902654985005158351612034023475238150418, "Frequency1_tbool%%DistUInt32(1)" => 0.4292934809311874960713740804158899834673097416351109678435127387941676156000006, "Backtrack1_var%%DistUInt32(0)" => 0.5094473421757037446772308447777950738338916698528040048577141822196838001320733, "Backtrack2_app%%DistUInt32(2)" => 0.8436075161566522412357261241463329438589123165429484939927817648601186403908308, "Backtrack2_abs%%DistUInt32(4)" => 0.1000000000000000236396938635028838629724593466497362385965834168731880187423625, "Backtrack2_app%%DistUInt32(3)" => 0.9000000000000000163283350230027528910365088678085701428344115351713984565345426, "Backtrack2_app%%DistUInt32(4)" => 0.9000000000000000163283350230027528910365088678085701428344115351713984565345426, "GenBool1_true%%" => 0.5096295970350493943749570071873542784921236922942974747119738406382680027630029, "Backtrack2_app%%DistUInt32(1)" => 0.7428124923845778958892715792567714286055034534522971362542440834707502954244219, "Backtrack2_abs%%DistUInt32(3)" => 0.1000000000000000236396938635028838629724593466497362385965834168731880187423625, "Backtrack2_var%%DistUInt32(3)" => 0.3352066042188798759953897438114917226831923529406333095658326132189612154510889, "Backtrack2_var%%DistUInt32(1)" => 0.321328938050584070310491735038080389923601107673988703814940867179732227783675, "Backtrack2_abs%%DistUInt32(5)" => 0.1000000000000000236396938635028838629724593466497362385965834168731880187423625, "Frequency1_tfun%%DistUInt32(1)" => 0.5880868020386892448588684442536894285876078310524231445773773086622470370462714, "Backtrack1_zero%%DistUInt32(0)" => 0.4952816034442858808294194702323931510959372448066747589177767514416050490238501, "Backtrack2_abs%%DistUInt32(2)" => 0.1000000000000000236396938635028838629724593466497362385965834168731880187423625, "Backtrack2_var%%DistUInt32(5)" => 0.5000000000000000005130225555534395681945247675369620065546557194194905853525505)

Parameter values (trained):
Dict{Var, Union{Real, AbstractMatrix{<:Real}}}(Var("Frequency1_tfun%%DistUInt32(1)_before_sigmoid") => 0.3560619169257819821034542526197304675907517686790885535208343979278451432774169, Var("Backtrack2_app%%DistUInt32(2)_before_sigmoid") => 1.685318588497549784550705499758407111065652207361924207943209910600027760352456, Var("GenBool1_true%%_before_sigmoid") => 0.03852315156963692431363142817240247333680185538810028730899278277254452568583201, Var("Backtrack2_var%%DistUInt32(4)_before_sigmoid") => -0.6731609461408716796609094647054473497044204879496987239772127935615436117291378, Var("Backtrack2_abs%%DistUInt32(4)_before_sigmoid") => -2.19722457733621912012722532381303608417510986328125, Var("Backtrack1_var%%DistUInt32(0)_before_sigmoid") => 0.03779386671581554645463455556216895250949715116719243868488578898689166547028354, Var("Backtrack2_var%%DistUInt32(1)_before_sigmoid") => -0.7476712377480888322705703855724020340825715719824785350931029106456130827491456, Var("Backtrack2_var%%DistUInt32(5)_before_sigmoid") => 2.052090222213758272778099070147848026938748240612958295902460230458002998392164e-18, Var("Backtrack2_app%%DistUInt32(3)_before_sigmoid") => 2.197224577336219564216435173875652253627777099609375, Var("Frequency1_tbool%%DistUInt32(1)_before_sigmoid") => -0.2847343106423435700829550087433647989784574766591577613842073781246548241963352, Var("GenBool2_true%%_before_sigmoid") => 0.277388728508072436761631489816387009339509002689241534636553370511019304839058, Var("Backtrack1_zero%%DistUInt32(0)_before_sigmoid") => -0.01887414650302228567794571741290244971045090500368057020894222720584176394592153, Var("Backtrack2_app%%DistUInt32(1)_before_sigmoid") => 1.060638226820588915159091325500217197405234530099470114197717498428057109464353, Var("Backtrack2_abs%%DistUInt32(2)_before_sigmoid") => -2.19722457733621912012722532381303608417510986328125, Var("Backtrack2_abs%%DistUInt32(3)_before_sigmoid") => -2.19722457733621912012722532381303608417510986328125, Var("Backtrack2_var%%DistUInt32(3)_before_sigmoid") => -0.6847292386105046416856458869869881170795271259318080456619085567550055868340882, Var("Backtrack2_app%%DistUInt32(5)_before_sigmoid") => 2.197224577336219564216435173875652253627777099609375, Var("Backtrack2_var%%DistUInt32(2)_before_sigmoid") => -0.6653708709307665253852326111556236591408560846168564442553165680198712473429, Var("Backtrack2_abs%%DistUInt32(5)_before_sigmoid") => -2.19722457733621912012722532381303608417510986328125, Var("Backtrack2_abs%%DistUInt32(1)_before_sigmoid") => -0.9254642434865944709452836077969386052809530630825304345853557007226173932547102, Var("Backtrack2_app%%DistUInt32(4)_before_sigmoid") => 2.197224577336219564216435173875652253627777099609375)

Saving samples...
Saved samples to /space2/tjoa/tuning-output/v60_stlc_bespoke_se/stlc/langbespoke/expr_sz=5-typ_sz=1/reinforce_sampling_entropy/freq=2-spb=200/eq=prob_equals/prop=stlcwelltyped/failure_penalty=0.0/forgiveness=0/rand_forgiveness=true/0.01/epochs=500/bound=0.1/terms_trained.txt.
  33.186497844 seconds

Saved Coq generator to /space2/tjoa/tuning-output/v60_stlc_bespoke_se/stlc/langbespoke/expr_sz=5-typ_sz=1/reinforce_sampling_entropy/freq=2-spb=200/eq=prob_equals/prop=stlcwelltyped/failure_penalty=0.0/forgiveness=0/rand_forgiveness=true/0.01/epochs=500/bound=0.1/trained_Generator.v


2024-06-27T12:50:09.513
Total time elapsed: 1 day, 4 hours, 53 minutes, 44 seconds, 44 milliseconds
