2024-06-26T07:56:25.669 76bebd9f ["LangBespokeSTLCGenerator(5,1)", "Pair{SamplingEntropy{STLC},Float64}[SamplingEntropy{STLC}(2,50,STLCWellTyped(),:prob_equals,0.0,0,true)=>0.1]", "2000", "0.1"]
== Config ==
TAG: v60_stlc_bespoke_se
LangBespokeSTLCGenerator(5, 1)
Pair{SamplingEntropy{STLC}, Float64}[SamplingEntropy{STLC}(2, 50, STLCWellTyped(), :prob_equals, 0.0, 0, true) => 0.1]
Epochs: 2000
Bound: 0.1
DistNat: DistUInt32
SEED: 0

Building generation computation graph...
  28.128638302 seconds

Saving samples...
Saved samples to /space2/tjoa/tuning-output/v60_stlc_bespoke_se/stlc/langbespoke/expr_sz=5-typ_sz=1/reinforce_sampling_entropy/freq=2-spb=50/eq=prob_equals/prop=stlcwelltyped/failure_penalty=0.0/forgiveness=0/rand_forgiveness=true/0.1/epochs=2000/bound=0.1/terms_test.txt.
  37.399207332 seconds

ADNodes of interest (initial):
Dict("Backtrack2_var%%DistUInt32(4)" => 0.5, "Backtrack2_abs%%DistUInt32(1)" => 0.5, "Backtrack2_app%%DistUInt32(5)" => 0.5, "GenBool2_true%%" => 0.5, "Backtrack2_var%%DistUInt32(2)" => 0.5, "Frequency1_tbool%%DistUInt32(1)" => 0.5, "Backtrack1_var%%DistUInt32(0)" => 0.5, "Backtrack2_app%%DistUInt32(2)" => 0.5, "Backtrack2_abs%%DistUInt32(4)" => 0.5, "Backtrack2_app%%DistUInt32(3)" => 0.5, "Backtrack2_app%%DistUInt32(4)" => 0.5, "GenBool1_true%%" => 0.5, "Backtrack2_app%%DistUInt32(1)" => 0.5, "Backtrack2_abs%%DistUInt32(3)" => 0.5, "Backtrack2_var%%DistUInt32(3)" => 0.5, "Backtrack2_var%%DistUInt32(1)" => 0.5, "Backtrack2_abs%%DistUInt32(5)" => 0.5, "Frequency1_tfun%%DistUInt32(1)" => 0.5, "Backtrack1_zero%%DistUInt32(0)" => 0.5, "Backtrack2_abs%%DistUInt32(2)" => 0.5, "Backtrack2_var%%DistUInt32(5)" => 0.5)

Parameter values (initial):
Dict{Var, Union{Real, AbstractMatrix{<:Real}}}(Var("Frequency1_tfun%%DistUInt32(1)_before_sigmoid") => 0, Var("Backtrack2_app%%DistUInt32(2)_before_sigmoid") => 0, Var("GenBool1_true%%_before_sigmoid") => 0, Var("Backtrack2_var%%DistUInt32(4)_before_sigmoid") => 0, Var("Backtrack2_abs%%DistUInt32(4)_before_sigmoid") => 0, Var("Backtrack1_var%%DistUInt32(0)_before_sigmoid") => 0, Var("Backtrack2_var%%DistUInt32(1)_before_sigmoid") => 0, Var("Backtrack2_var%%DistUInt32(5)_before_sigmoid") => 0, Var("Backtrack2_app%%DistUInt32(3)_before_sigmoid") => 0, Var("Frequency1_tbool%%DistUInt32(1)_before_sigmoid") => 0, Var("GenBool2_true%%_before_sigmoid") => 0, Var("Backtrack1_zero%%DistUInt32(0)_before_sigmoid") => 0, Var("Backtrack2_app%%DistUInt32(1)_before_sigmoid") => 0, Var("Backtrack2_abs%%DistUInt32(2)_before_sigmoid") => 0, Var("Backtrack2_abs%%DistUInt32(3)_before_sigmoid") => 0, Var("Backtrack2_var%%DistUInt32(3)_before_sigmoid") => 0, Var("Backtrack2_app%%DistUInt32(5)_before_sigmoid") => 0, Var("Backtrack2_var%%DistUInt32(2)_before_sigmoid") => 0, Var("Backtrack2_abs%%DistUInt32(5)_before_sigmoid") => 0, Var("Backtrack2_abs%%DistUInt32(1)_before_sigmoid") => 0, Var("Backtrack2_app%%DistUInt32(4)_before_sigmoid") => 0)

Saving samples...
Saved samples to /space2/tjoa/tuning-output/v60_stlc_bespoke_se/stlc/langbespoke/expr_sz=5-typ_sz=1/reinforce_sampling_entropy/freq=2-spb=50/eq=prob_equals/prop=stlcwelltyped/failure_penalty=0.0/forgiveness=0/rand_forgiveness=true/0.1/epochs=2000/bound=0.1/terms_initial.txt.
  33.362067319 seconds

Saved Coq generator to /space2/tjoa/tuning-output/v60_stlc_bespoke_se/stlc/langbespoke/expr_sz=5-typ_sz=1/reinforce_sampling_entropy/freq=2-spb=50/eq=prob_equals/prop=stlcwelltyped/failure_penalty=0.0/forgiveness=0/rand_forgiveness=true/0.1/epochs=2000/bound=0.1/initial_Generator.v


ADNodes of interest (trained):
Dict{String, BigFloat}("Backtrack2_var%%DistUInt32(4)" => 0.1007830518149185533415123948533311558508163194915445826219580245225979601802644, "Backtrack2_abs%%DistUInt32(1)" => 0.9000000000000000163283350230027528910365088678085701428344115351713984565345426, "Backtrack2_app%%DistUInt32(5)" => 0.9000000000000000163283350230027528910365088678085701428344115351713984565345426, "GenBool2_true%%" => 0.1932849295928810043960042656325057117461216929008781282227655546518590803611561, "Backtrack2_var%%DistUInt32(2)" => 0.1326382071014196180838739258366499833164700992164553311341910105309086626162831, "Frequency1_tbool%%DistUInt32(1)" => 0.6810375379121522946015926395037476445920723230821616014517442811952198405169594, "Backtrack1_var%%DistUInt32(0)" => 0.6834257476776639271672493921337432933360919944294610093326787217215573399444052, "Backtrack2_app%%DistUInt32(2)" => 0.8936675987113381142399517412259549012885682416769798959278579433096696926819033, "Backtrack2_abs%%DistUInt32(4)" => 0.1000000000000000236396938635028838629724593466497362385965834168731880187423625, "Backtrack2_app%%DistUInt32(3)" => 0.895367802380101843270654674308107749130907344505724081497034980734069953550675, "Backtrack2_app%%DistUInt32(4)" => 0.9000000000000000163283350230027528910365088678085701428344115351713984565345426, "GenBool1_true%%" => 0.1000000000000000236396938635028838629724593466497362385965834168731880187423625, "Backtrack2_app%%DistUInt32(1)" => 0.1000000000000000236396938635028838629724593466497362385965834168731880187423625, "Backtrack2_abs%%DistUInt32(3)" => 0.1510055587134605491179846672988971412388462642911606531976601971196044883690713, "Backtrack2_var%%DistUInt32(3)" => 0.1054386384482313300403167421153487689230820406227312630639806700743447812643824, "Backtrack2_var%%DistUInt32(1)" => 0.6237176678135043359961190999783122970878667633391933558026210552111438562710915, "Backtrack2_abs%%DistUInt32(5)" => 0.1000000000000000236396938635028838629724593466497362385965834168731880187423625, "Frequency1_tfun%%DistUInt32(1)" => 0.8888986558714879533496940903166682204840892899889266184741096471710300156349464, "Backtrack1_zero%%DistUInt32(0)" => 0.8874136794805335406932086856610152146035115782162438366178360013010703306519634, "Backtrack2_abs%%DistUInt32(2)" => 0.1438631736524511546704150116374654738196757325332997996515922742720253859274785, "Backtrack2_var%%DistUInt32(5)" => 0.4999999999999999944036791219382968637129282599585189632409571650502013088366418)

Parameter values (trained):
Dict{Var, Union{Real, AbstractMatrix{<:Real}}}(Var("Frequency1_tfun%%DistUInt32(1)_before_sigmoid") => 2.07954043618196677357629963944863894140958905089376503374701067837713224557827, Var("Backtrack2_app%%DistUInt32(2)_before_sigmoid") => 2.128763843743805276634988930777475195776418064961933436416782950546856225874186, Var("GenBool1_true%%_before_sigmoid") => -2.19722457733621912012722532381303608417510986328125, Var("Backtrack2_var%%DistUInt32(4)_before_sigmoid") => -2.188554122288462907387760334974322744763305121359970330693242192136382017211548, Var("Backtrack2_abs%%DistUInt32(4)_before_sigmoid") => -2.19722457733621912012722532381303608417510986328125, Var("Backtrack1_var%%DistUInt32(0)_before_sigmoid") => 0.7695601962612172670114570267967054029768391289957636243873086431836616018596782, Var("Backtrack2_var%%DistUInt32(1)_before_sigmoid") => 0.5053580654608452791151702469478653841596343520854417359438136562124261760020723, Var("Backtrack2_var%%DistUInt32(5)_before_sigmoid") => -2.238528351224681254514828696016592508181001433717009045209332003904031609346553e-17, Var("Backtrack2_app%%DistUInt32(3)_before_sigmoid") => 2.146783265338227292827495998835851074408500630606490169493283696234245913093111, Var("Frequency1_tbool%%DistUInt32(1)_before_sigmoid") => 0.7585440042260109469568709943333269778811008423789421611954893348019485474024886, Var("GenBool2_true%%_before_sigmoid") => -1.42880511396808075830576782441625790099063580414478966185511334711803684276824, Var("Backtrack1_zero%%DistUInt32(0)_before_sigmoid") => 2.064591033130443407761953163722340655173196841888878582826081501659164240714672, Var("Backtrack2_app%%DistUInt32(1)_before_sigmoid") => -2.19722457733621912012722532381303608417510986328125, Var("Backtrack2_abs%%DistUInt32(2)_before_sigmoid") => -1.783567542335118510714677317863760555002145580289819853702214424675936965655977, Var("Backtrack2_abs%%DistUInt32(3)_before_sigmoid") => -1.726735990114956592907018590883478709274593693091204207559778646154064277534164, Var("Backtrack2_var%%DistUInt32(3)_before_sigmoid") => -2.138204341689391300796147825814624773873321950447619876300043990278746720049817, Var("Backtrack2_app%%DistUInt32(5)_before_sigmoid") => 2.197224577336219564216435173875652253627777099609375, Var("Backtrack2_var%%DistUInt32(2)_before_sigmoid") => -1.877831008317631424190868409790880819302921521598781100562227475964108407381981, Var("Backtrack2_abs%%DistUInt32(5)_before_sigmoid") => -2.19722457733621912012722532381303608417510986328125, Var("Backtrack2_abs%%DistUInt32(1)_before_sigmoid") => 2.197224577336219564216435173875652253627777099609375, Var("Backtrack2_app%%DistUInt32(4)_before_sigmoid") => 2.197224577336219564216435173875652253627777099609375)

Saving samples...
Saved samples to /space2/tjoa/tuning-output/v60_stlc_bespoke_se/stlc/langbespoke/expr_sz=5-typ_sz=1/reinforce_sampling_entropy/freq=2-spb=50/eq=prob_equals/prop=stlcwelltyped/failure_penalty=0.0/forgiveness=0/rand_forgiveness=true/0.1/epochs=2000/bound=0.1/terms_trained.txt.
  30.774358312 seconds

Saved Coq generator to /space2/tjoa/tuning-output/v60_stlc_bespoke_se/stlc/langbespoke/expr_sz=5-typ_sz=1/reinforce_sampling_entropy/freq=2-spb=50/eq=prob_equals/prop=stlcwelltyped/failure_penalty=0.0/forgiveness=0/rand_forgiveness=true/0.1/epochs=2000/bound=0.1/trained_Generator.v


2024-06-27T14:05:50.683
Total time elapsed: 1 day, 6 hours, 9 minutes, 25 seconds, 14 milliseconds
