2024-06-26T07:56:25.488 76bebd9f ["LangBespokeSTLCGenerator(5,1)", "Pair{SamplingEntropy{STLC},Float64}[SamplingEntropy{STLC}(2,50,STLCWellTyped(),:prob_equals,0.0,0,true)=>0.1]", "500", "0.1"]
== Config ==
TAG: v60_stlc_bespoke_se
LangBespokeSTLCGenerator(5, 1)
Pair{SamplingEntropy{STLC}, Float64}[SamplingEntropy{STLC}(2, 50, STLCWellTyped(), :prob_equals, 0.0, 0, true) => 0.1]
Epochs: 500
Bound: 0.1
DistNat: DistUInt32
SEED: 0

Building generation computation graph...
  28.876497367 seconds

Saving samples...
Saved samples to /space2/tjoa/tuning-output/v60_stlc_bespoke_se/stlc/langbespoke/expr_sz=5-typ_sz=1/reinforce_sampling_entropy/freq=2-spb=50/eq=prob_equals/prop=stlcwelltyped/failure_penalty=0.0/forgiveness=0/rand_forgiveness=true/0.1/epochs=500/bound=0.1/terms_test.txt.
  37.004501938 seconds

ADNodes of interest (initial):
Dict("Backtrack2_var%%DistUInt32(4)" => 0.5, "Backtrack2_abs%%DistUInt32(1)" => 0.5, "Backtrack2_app%%DistUInt32(5)" => 0.5, "GenBool2_true%%" => 0.5, "Backtrack2_var%%DistUInt32(2)" => 0.5, "Frequency1_tbool%%DistUInt32(1)" => 0.5, "Backtrack1_var%%DistUInt32(0)" => 0.5, "Backtrack2_app%%DistUInt32(2)" => 0.5, "Backtrack2_abs%%DistUInt32(4)" => 0.5, "Backtrack2_app%%DistUInt32(3)" => 0.5, "Backtrack2_app%%DistUInt32(4)" => 0.5, "GenBool1_true%%" => 0.5, "Backtrack2_app%%DistUInt32(1)" => 0.5, "Backtrack2_abs%%DistUInt32(3)" => 0.5, "Backtrack2_var%%DistUInt32(3)" => 0.5, "Backtrack2_var%%DistUInt32(1)" => 0.5, "Backtrack2_abs%%DistUInt32(5)" => 0.5, "Frequency1_tfun%%DistUInt32(1)" => 0.5, "Backtrack1_zero%%DistUInt32(0)" => 0.5, "Backtrack2_abs%%DistUInt32(2)" => 0.5, "Backtrack2_var%%DistUInt32(5)" => 0.5)

Parameter values (initial):
Dict{Var, Union{Real, AbstractMatrix{<:Real}}}(Var("Frequency1_tfun%%DistUInt32(1)_before_sigmoid") => 0, Var("Backtrack2_app%%DistUInt32(2)_before_sigmoid") => 0, Var("GenBool1_true%%_before_sigmoid") => 0, Var("Backtrack2_var%%DistUInt32(4)_before_sigmoid") => 0, Var("Backtrack2_abs%%DistUInt32(4)_before_sigmoid") => 0, Var("Backtrack1_var%%DistUInt32(0)_before_sigmoid") => 0, Var("Backtrack2_var%%DistUInt32(1)_before_sigmoid") => 0, Var("Backtrack2_var%%DistUInt32(5)_before_sigmoid") => 0, Var("Backtrack2_app%%DistUInt32(3)_before_sigmoid") => 0, Var("Frequency1_tbool%%DistUInt32(1)_before_sigmoid") => 0, Var("GenBool2_true%%_before_sigmoid") => 0, Var("Backtrack1_zero%%DistUInt32(0)_before_sigmoid") => 0, Var("Backtrack2_app%%DistUInt32(1)_before_sigmoid") => 0, Var("Backtrack2_abs%%DistUInt32(2)_before_sigmoid") => 0, Var("Backtrack2_abs%%DistUInt32(3)_before_sigmoid") => 0, Var("Backtrack2_var%%DistUInt32(3)_before_sigmoid") => 0, Var("Backtrack2_app%%DistUInt32(5)_before_sigmoid") => 0, Var("Backtrack2_var%%DistUInt32(2)_before_sigmoid") => 0, Var("Backtrack2_abs%%DistUInt32(5)_before_sigmoid") => 0, Var("Backtrack2_abs%%DistUInt32(1)_before_sigmoid") => 0, Var("Backtrack2_app%%DistUInt32(4)_before_sigmoid") => 0)

Saving samples...
Saved samples to /space2/tjoa/tuning-output/v60_stlc_bespoke_se/stlc/langbespoke/expr_sz=5-typ_sz=1/reinforce_sampling_entropy/freq=2-spb=50/eq=prob_equals/prop=stlcwelltyped/failure_penalty=0.0/forgiveness=0/rand_forgiveness=true/0.1/epochs=500/bound=0.1/terms_initial.txt.
  32.274336242 seconds

Saved Coq generator to /space2/tjoa/tuning-output/v60_stlc_bespoke_se/stlc/langbespoke/expr_sz=5-typ_sz=1/reinforce_sampling_entropy/freq=2-spb=50/eq=prob_equals/prop=stlcwelltyped/failure_penalty=0.0/forgiveness=0/rand_forgiveness=true/0.1/epochs=500/bound=0.1/initial_Generator.v


ADNodes of interest (trained):
Dict{String, BigFloat}("Backtrack2_var%%DistUInt32(4)" => 0.1000000000000000236396938635028838629724593466497362385965834168731880187423625, "Backtrack2_abs%%DistUInt32(1)" => 0.9000000000000000163283350230027528910365088678085701428344115351713984565345426, "Backtrack2_app%%DistUInt32(5)" => 0.9000000000000000163283350230027528910365088678085701428344115351713984565345426, "GenBool2_true%%" => 0.6446350436877156392421835692030289522695060921715490669116083363284081519173379, "Backtrack2_var%%DistUInt32(2)" => 0.1408945785658431627034556579518342098680311103683088389666233264812486101309453, "Frequency1_tbool%%DistUInt32(1)" => 0.7642725129537660915505098735460285845848234757323014836014343648008797790210134, "Backtrack1_var%%DistUInt32(0)" => 0.3279388097416317997681750294274095541140988547032657944172976214247014704464489, "Backtrack2_app%%DistUInt32(2)" => 0.9000000000000000163283350230027528910365088678085701428344115351713984565345426, "Backtrack2_abs%%DistUInt32(4)" => 0.1000000000000000236396938635028838629724593466497362385965834168731880187423625, "Backtrack2_app%%DistUInt32(3)" => 0.9000000000000000163283350230027528910365088678085701428344115351713984565345426, "Backtrack2_app%%DistUInt32(4)" => 0.9000000000000000163283350230027528910365088678085701428344115351713984565345426, "GenBool1_true%%" => 0.1000000000000000236396938635028838629724593466497362385965834168731880187423625, "Backtrack2_app%%DistUInt32(1)" => 0.1000000000000000236396938635028838629724593466497362385965834168731880187423625, "Backtrack2_abs%%DistUInt32(3)" => 0.1000000000000000236396938635028838629724593466497362385965834168731880187423625, "Backtrack2_var%%DistUInt32(3)" => 0.1120904102888965954077938081455877118567085818075055302434937660565247272556471, "Backtrack2_var%%DistUInt32(1)" => 0.6962865740226876054862810127785127625646734470407199152424169702541465601797556, "Backtrack2_abs%%DistUInt32(5)" => 0.1000000000000000236396938635028838629724593466497362385965834168731880187423625, "Frequency1_tfun%%DistUInt32(1)" => 0.8675937522686496336825753383834223072367397794214283694110492386688794304800554, "Backtrack1_zero%%DistUInt32(0)" => 0.8805683513291147875638647795430891610647211181170817280898592325262175109546462, "Backtrack2_abs%%DistUInt32(2)" => 0.1000000000000000236396938635028838629724593466497362385965834168731880187423625, "Backtrack2_var%%DistUInt32(5)" => 0.4999999999999999944036791219382968637129282599585189632409571650502013088366418)

Parameter values (trained):
Dict{Var, Union{Real, AbstractMatrix{<:Real}}}(Var("Frequency1_tfun%%DistUInt32(1)_before_sigmoid") => 1.879848747068278041520690048427117871806282546363628294705546630639767330246434, Var("Backtrack2_app%%DistUInt32(2)_before_sigmoid") => 2.197224577336219564216435173875652253627777099609375, Var("GenBool1_true%%_before_sigmoid") => -2.19722457733621912012722532381303608417510986328125, Var("Backtrack2_var%%DistUInt32(4)_before_sigmoid") => -2.19722457733621912012722532381303608417510986328125, Var("Backtrack2_abs%%DistUInt32(4)_before_sigmoid") => -2.19722457733621912012722532381303608417510986328125, Var("Backtrack1_var%%DistUInt32(0)_before_sigmoid") => -0.7175223579951000082453514827100011978385032943419831744790965587405555995540797, Var("Backtrack2_var%%DistUInt32(1)_before_sigmoid") => 0.8296767407765210762248336733702936479592746349396435894046282440705935549615224, Var("Backtrack2_var%%DistUInt32(5)_before_sigmoid") => -2.238528351224681254514828696016592508181001433717009045209332000695250110375762e-17, Var("Backtrack2_app%%DistUInt32(3)_before_sigmoid") => 2.197224577336219564216435173875652253627777099609375, Var("Frequency1_tbool%%DistUInt32(1)_before_sigmoid") => 1.17624799599304516886687174739474086927337778411153354515054740549804985821095, Var("GenBool2_true%%_before_sigmoid") => 0.5955390255689656641429124427701658589850054244372610742856479218731488589381665, Var("Backtrack1_zero%%DistUInt32(0)_before_sigmoid") => 1.997823322701089218687119877045844032616530452092236880686704896551658506720229, Var("Backtrack2_app%%DistUInt32(1)_before_sigmoid") => -2.19722457733621912012722532381303608417510986328125, Var("Backtrack2_abs%%DistUInt32(2)_before_sigmoid") => -2.19722457733621912012722532381303608417510986328125, Var("Backtrack2_abs%%DistUInt32(3)_before_sigmoid") => -2.19722457733621912012722532381303608417510986328125, Var("Backtrack2_var%%DistUInt32(3)_before_sigmoid") => -2.069564144041768204796336843872598238292560047218032089604004361291355392921536, Var("Backtrack2_app%%DistUInt32(5)_before_sigmoid") => 2.197224577336219564216435173875652253627777099609375, Var("Backtrack2_var%%DistUInt32(2)_before_sigmoid") => -1.807879699233463939665189508068300781117583715229259681075901597140569770643604, Var("Backtrack2_abs%%DistUInt32(5)_before_sigmoid") => -2.19722457733621912012722532381303608417510986328125, Var("Backtrack2_abs%%DistUInt32(1)_before_sigmoid") => 2.197224577336219564216435173875652253627777099609375, Var("Backtrack2_app%%DistUInt32(4)_before_sigmoid") => 2.197224577336219564216435173875652253627777099609375)

Saving samples...
Saved samples to /space2/tjoa/tuning-output/v60_stlc_bespoke_se/stlc/langbespoke/expr_sz=5-typ_sz=1/reinforce_sampling_entropy/freq=2-spb=50/eq=prob_equals/prop=stlcwelltyped/failure_penalty=0.0/forgiveness=0/rand_forgiveness=true/0.1/epochs=500/bound=0.1/terms_trained.txt.
  33.264500283 seconds

Saved Coq generator to /space2/tjoa/tuning-output/v60_stlc_bespoke_se/stlc/langbespoke/expr_sz=5-typ_sz=1/reinforce_sampling_entropy/freq=2-spb=50/eq=prob_equals/prop=stlcwelltyped/failure_penalty=0.0/forgiveness=0/rand_forgiveness=true/0.1/epochs=500/bound=0.1/trained_Generator.v


2024-06-26T15:53:20.976
Total time elapsed: 7 hours, 56 minutes, 55 seconds, 488 milliseconds
