2024-08-02T15:02:16.790 4d47afd8 ["Flips{3}()", "Pair{SamplingEntropy{Bools{3}},Float64}[SamplingEntropy{Bools{3}}(1,300,TrueProperty{Bools{3}}(),:prob_equals,0.0,0,true,:identity)=>0.2]", "100", "0.1"]
== Config ==
TAG: v77_metrics
Flips{3}()
Pair{SamplingEntropy{Bools{3}}, Float64}[SamplingEntropy{Bools{3}}(1, 300, TrueProperty{Bools{3}}(), :prob_equals, 0.0, 0, true, :identity) => 0.2]
Epochs: 100
Bound: 0.1
DistNat: DistUInt32
SEED: 0

Building generation computation graph...
  0.013343362 seconds

ADNodes of interest (initial):
Dict("f1" => 0.8236475079774124, "f2" => 0.9103565379264364, "f3" => 0.16456579813368521)

Parameter values (initial):
Dict{Var, Union{Real, AbstractMatrix{<:Real}}}(Var("f1_before_sigmoid") => 1.5412578691042071, Var("f2_before_sigmoid") => 2.317996052537666, Var("f3_before_sigmoid") => -1.6246411130457412)

Default generation_params_emit_stats


ADNodes of interest (trained):
Dict("f1" => 0.49857095545655905, "f2" => 0.5096337628349317, "f3" => 0.4944968316659821)

Parameter values (trained):
Dict{Var, Union{Real, AbstractMatrix{<:Real}}}(Var("f1_before_sigmoid") => -0.005716193738370529, Var("f2_before_sigmoid") => 0.038539820954792414, Var("f3_before_sigmoid") => -0.02201356226837397)

Default generation_params_emit_stats


