2024-06-26T07:56:25.465 76bebd9f ["LangBespokeSTLCGenerator(5,1)", "Pair{SamplingEntropy{STLC},Float64}[SamplingEntropy{STLC}(2,200,STLCWellTyped(),:prob_equals,0.0,0,true)=>0.3]", "500", "0.1"]
== Config ==
TAG: v60_stlc_bespoke_se
LangBespokeSTLCGenerator(5, 1)
Pair{SamplingEntropy{STLC}, Float64}[SamplingEntropy{STLC}(2, 200, STLCWellTyped(), :prob_equals, 0.0, 0, true) => 0.3]
Epochs: 500
Bound: 0.1
DistNat: DistUInt32
SEED: 0

Building generation computation graph...
  27.440880004 seconds

Saving samples...
Saved samples to /space2/tjoa/tuning-output/v60_stlc_bespoke_se/stlc/langbespoke/expr_sz=5-typ_sz=1/reinforce_sampling_entropy/freq=2-spb=200/eq=prob_equals/prop=stlcwelltyped/failure_penalty=0.0/forgiveness=0/rand_forgiveness=true/0.3/epochs=500/bound=0.1/terms_test.txt.
  37.794663008 seconds

ADNodes of interest (initial):
Dict("Backtrack2_var%%DistUInt32(4)" => 0.5, "Backtrack2_abs%%DistUInt32(1)" => 0.5, "Backtrack2_app%%DistUInt32(5)" => 0.5, "GenBool2_true%%" => 0.5, "Backtrack2_var%%DistUInt32(2)" => 0.5, "Frequency1_tbool%%DistUInt32(1)" => 0.5, "Backtrack1_var%%DistUInt32(0)" => 0.5, "Backtrack2_app%%DistUInt32(2)" => 0.5, "Backtrack2_abs%%DistUInt32(4)" => 0.5, "Backtrack2_app%%DistUInt32(3)" => 0.5, "Backtrack2_app%%DistUInt32(4)" => 0.5, "GenBool1_true%%" => 0.5, "Backtrack2_app%%DistUInt32(1)" => 0.5, "Backtrack2_abs%%DistUInt32(3)" => 0.5, "Backtrack2_var%%DistUInt32(3)" => 0.5, "Backtrack2_var%%DistUInt32(1)" => 0.5, "Backtrack2_abs%%DistUInt32(5)" => 0.5, "Frequency1_tfun%%DistUInt32(1)" => 0.5, "Backtrack1_zero%%DistUInt32(0)" => 0.5, "Backtrack2_abs%%DistUInt32(2)" => 0.5, "Backtrack2_var%%DistUInt32(5)" => 0.5)

Parameter values (initial):
Dict{Var, Union{Real, AbstractMatrix{<:Real}}}(Var("Frequency1_tfun%%DistUInt32(1)_before_sigmoid") => 0, Var("Backtrack2_app%%DistUInt32(2)_before_sigmoid") => 0, Var("GenBool1_true%%_before_sigmoid") => 0, Var("Backtrack2_var%%DistUInt32(4)_before_sigmoid") => 0, Var("Backtrack2_abs%%DistUInt32(4)_before_sigmoid") => 0, Var("Backtrack1_var%%DistUInt32(0)_before_sigmoid") => 0, Var("Backtrack2_var%%DistUInt32(1)_before_sigmoid") => 0, Var("Backtrack2_var%%DistUInt32(5)_before_sigmoid") => 0, Var("Backtrack2_app%%DistUInt32(3)_before_sigmoid") => 0, Var("Frequency1_tbool%%DistUInt32(1)_before_sigmoid") => 0, Var("GenBool2_true%%_before_sigmoid") => 0, Var("Backtrack1_zero%%DistUInt32(0)_before_sigmoid") => 0, Var("Backtrack2_app%%DistUInt32(1)_before_sigmoid") => 0, Var("Backtrack2_abs%%DistUInt32(2)_before_sigmoid") => 0, Var("Backtrack2_abs%%DistUInt32(3)_before_sigmoid") => 0, Var("Backtrack2_var%%DistUInt32(3)_before_sigmoid") => 0, Var("Backtrack2_app%%DistUInt32(5)_before_sigmoid") => 0, Var("Backtrack2_var%%DistUInt32(2)_before_sigmoid") => 0, Var("Backtrack2_abs%%DistUInt32(5)_before_sigmoid") => 0, Var("Backtrack2_abs%%DistUInt32(1)_before_sigmoid") => 0, Var("Backtrack2_app%%DistUInt32(4)_before_sigmoid") => 0)

Saving samples...
Saved samples to /space2/tjoa/tuning-output/v60_stlc_bespoke_se/stlc/langbespoke/expr_sz=5-typ_sz=1/reinforce_sampling_entropy/freq=2-spb=200/eq=prob_equals/prop=stlcwelltyped/failure_penalty=0.0/forgiveness=0/rand_forgiveness=true/0.3/epochs=500/bound=0.1/terms_initial.txt.
  33.796759766 seconds

Saved Coq generator to /space2/tjoa/tuning-output/v60_stlc_bespoke_se/stlc/langbespoke/expr_sz=5-typ_sz=1/reinforce_sampling_entropy/freq=2-spb=200/eq=prob_equals/prop=stlcwelltyped/failure_penalty=0.0/forgiveness=0/rand_forgiveness=true/0.3/epochs=500/bound=0.1/initial_Generator.v


ADNodes of interest (trained):
Dict{String, BigFloat}("Backtrack2_var%%DistUInt32(4)" => 0.1565002539175767270205567477946150876100400352463785591399749000021154791804676, "Backtrack2_abs%%DistUInt32(1)" => 0.6615492826670388396513209283271143009932081350998567196879199243510775445744744, "Backtrack2_app%%DistUInt32(5)" => 0.9000000000000000163283350230027528910365088678085701428344115351713984565345426, "GenBool2_true%%" => 0.8999741237244098545539691823171602989181410662146382991377915158510377559315903, "Backtrack2_var%%DistUInt32(2)" => 0.122670563600101440037961890579317329737798837712840670193895873718370153285838, "Frequency1_tbool%%DistUInt32(1)" => 0.9000000000000000163283350230027528910365088678085701428344115351713984565345426, "Backtrack1_var%%DistUInt32(0)" => 0.8084735841707112709779964846362841563596359077249524327739429876764276744700828, "Backtrack2_app%%DistUInt32(2)" => 0.890063176952412636398954247283503446472959565418551772363559820717405243448686, "Backtrack2_abs%%DistUInt32(4)" => 0.1000000000000000236396938635028838629724593466497362385965834168731880187423625, "Backtrack2_app%%DistUInt32(3)" => 0.8939974169187221812631590346877776278540404334585631097855649696701362245452477, "Backtrack2_app%%DistUInt32(4)" => 0.9000000000000000163283350230027528910365088678085701428344115351713984565345426, "GenBool1_true%%" => 0.9000000000000000163283350230027528910365088678085701428344115351713984565345426, "Backtrack2_app%%DistUInt32(1)" => 0.8975431528180705742470680673727997535959786443021061818233063617227789930959309, "Backtrack2_abs%%DistUInt32(3)" => 0.4302923131434261611210645299987917761564237453760374468294726123616023693719117, "Backtrack2_var%%DistUInt32(3)" => 0.1113456734260544225212534440054449961083000142117918490891691044802606275320236, "Backtrack2_var%%DistUInt32(1)" => 0.2654925871428454898613492673928582576274412575289489139239881022792690482347873, "Backtrack2_abs%%DistUInt32(5)" => 0.1000000000000000236396938635028838629724593466497362385965834168731880187423625, "Frequency1_tfun%%DistUInt32(1)" => 0.1000000000000000236396938635028838629724593466497362385965834168731880187423625, "Backtrack1_zero%%DistUInt32(0)" => 0.7286799040130063300089077294144757109686852504133083766966739123797108811299617, "Backtrack2_abs%%DistUInt32(2)" => 0.588031034378913086583683389976153439944044993982642485269402798815593827880799, "Backtrack2_var%%DistUInt32(5)" => 0.5000000000000000153906766666031911152144589497646650991230415175390901641082007)

Parameter values (trained):
Dict{Var, Union{Real, AbstractMatrix{<:Real}}}(Var("Frequency1_tfun%%DistUInt32(1)_before_sigmoid") => -2.19722457733621912012722532381303608417510986328125, Var("Backtrack2_app%%DistUInt32(2)_before_sigmoid") => 2.091386580679301266152988036533244866632932340572610966127254335335881543998044, Var("GenBool1_true%%_before_sigmoid") => 2.197224577336219564216435173875652253627777099609375, Var("Backtrack2_var%%DistUInt32(4)_before_sigmoid") => -1.684501968502013543645076909912088855382947637708800777843482391802112883908109, Var("Backtrack2_abs%%DistUInt32(4)_before_sigmoid") => -2.19722457733621912012722532381303608417510986328125, Var("Backtrack1_var%%DistUInt32(0)_before_sigmoid") => 1.440122265068658532202182811381404416660911374909826543384075686278070904070432, Var("Backtrack2_var%%DistUInt32(1)_before_sigmoid") => -1.017613168022228202475856511295401617002243432158599547902993249113791083601902, Var("Backtrack2_var%%DistUInt32(5)_before_sigmoid") => 6.156270666641276446085783579905867983987696531506255475782788911195084537441821e-17, Var("Backtrack2_app%%DistUInt32(3)_before_sigmoid") => 2.132239423310224615826336505173672005069328857871382625709316250827781391688783, Var("Frequency1_tbool%%DistUInt32(1)_before_sigmoid") => 2.197224577336219564216435173875652253627777099609375, Var("GenBool2_true%%_before_sigmoid") => 2.196937096222973238051502614584858179910443406495890613071032362637579607394284, Var("Backtrack1_zero%%DistUInt32(0)_before_sigmoid") => 0.9879352565797755811042951279588076104958488737248022508354150287805465671607993, Var("Backtrack2_app%%DistUInt32(1)_before_sigmoid") => 2.170219493512266054014563187031693099984121680318870770218918784886029116291384, Var("Backtrack2_abs%%DistUInt32(2)_before_sigmoid") => 0.3558317057118516622875198540270286567476314002398132365878016290621230791456248, Var("Backtrack2_abs%%DistUInt32(3)_before_sigmoid") => -0.2806586234725175355641159577133564573861230781012332419083550564465041495849268, Var("Backtrack2_var%%DistUInt32(3)_before_sigmoid") => -2.077068788575738898635329822860224057075876893058559563434767204004980888920842, Var("Backtrack2_app%%DistUInt32(5)_before_sigmoid") => 2.197224577336219564216435173875652253627777099609375, Var("Backtrack2_var%%DistUInt32(2)_before_sigmoid") => -1.967380144498503023341403635754962412519433791473157430645431107148536251067696, Var("Backtrack2_abs%%DistUInt32(5)_before_sigmoid") => -2.19722457733621912012722532381303608417510986328125, Var("Backtrack2_abs%%DistUInt32(1)_before_sigmoid") => 0.670205991748757168227939209970774006723581940797503767682423943496849418631752, Var("Backtrack2_app%%DistUInt32(4)_before_sigmoid") => 2.197224577336219564216435173875652253627777099609375)

Saving samples...
Saved samples to /space2/tjoa/tuning-output/v60_stlc_bespoke_se/stlc/langbespoke/expr_sz=5-typ_sz=1/reinforce_sampling_entropy/freq=2-spb=200/eq=prob_equals/prop=stlcwelltyped/failure_penalty=0.0/forgiveness=0/rand_forgiveness=true/0.3/epochs=500/bound=0.1/terms_trained.txt.
  41.642508764 seconds

Saved Coq generator to /space2/tjoa/tuning-output/v60_stlc_bespoke_se/stlc/langbespoke/expr_sz=5-typ_sz=1/reinforce_sampling_entropy/freq=2-spb=200/eq=prob_equals/prop=stlcwelltyped/failure_penalty=0.0/forgiveness=0/rand_forgiveness=true/0.3/epochs=500/bound=0.1/trained_Generator.v


2024-06-27T13:19:23.054
Total time elapsed: 1 day, 5 hours, 22 minutes, 57 seconds, 589 milliseconds
