2024-06-29T08:04:10.009 07bf4eaa ["-f", "LangBespokeSTLCGenerator(5,1)", "[ApproxSTLCConstructorEntropy()=>0.3]", "2000", "0.1"]
== Config ==
TAG: v61_stlc_51_ace
LangBespokeSTLCGenerator(5, 1)
[ApproxSTLCConstructorEntropy() => 0.3]
Epochs: 2000
Bound: 0.1
DistNat: DistUInt32
SEED: 0

Building generation computation graph...
  29.750707052 seconds

Saving samples...
Saved samples to /space2/tjoa/tuning-output/v61_stlc_51_ace/stlc/langbespoke/expr_sz=5-typ_sz=1/approx_entropy/0.3/epochs=2000/bound=0.1/terms_test.txt.
  40.646519042 seconds

Building computation graph for ApproxSTLCConstructorEntropy()...
  67.6613325 seconds

ADNodes of interest (initial):
Dict("Backtrack2_var%%DistUInt32(4)" => 0.5, "Backtrack2_abs%%DistUInt32(1)" => 0.5, "Backtrack2_app%%DistUInt32(5)" => 0.5, "GenBool2_true%%" => 0.5, "Backtrack2_var%%DistUInt32(2)" => 0.5, "Frequency1_tbool%%DistUInt32(1)" => 0.5, "Backtrack1_var%%DistUInt32(0)" => 0.5, "Backtrack2_app%%DistUInt32(2)" => 0.5, "Backtrack2_abs%%DistUInt32(4)" => 0.5, "Backtrack2_app%%DistUInt32(3)" => 0.5, "Backtrack2_app%%DistUInt32(4)" => 0.5, "GenBool1_true%%" => 0.5, "Backtrack2_app%%DistUInt32(1)" => 0.5, "Backtrack2_abs%%DistUInt32(3)" => 0.5, "Backtrack2_var%%DistUInt32(3)" => 0.5, "Backtrack2_var%%DistUInt32(1)" => 0.5, "Backtrack2_abs%%DistUInt32(5)" => 0.5, "Frequency1_tfun%%DistUInt32(1)" => 0.5, "Backtrack1_zero%%DistUInt32(0)" => 0.5, "Backtrack2_abs%%DistUInt32(2)" => 0.5, "Backtrack2_var%%DistUInt32(5)" => 0.5)

Parameter values (initial):
Dict{Var, Union{Real, AbstractMatrix{<:Real}}}(Var("Frequency1_tfun%%DistUInt32(1)_before_sigmoid") => 0, Var("Backtrack2_app%%DistUInt32(2)_before_sigmoid") => 0, Var("GenBool1_true%%_before_sigmoid") => 0, Var("Backtrack2_var%%DistUInt32(4)_before_sigmoid") => 0, Var("Backtrack2_abs%%DistUInt32(4)_before_sigmoid") => 0, Var("Backtrack1_var%%DistUInt32(0)_before_sigmoid") => 0, Var("Backtrack2_var%%DistUInt32(1)_before_sigmoid") => 0, Var("Backtrack2_var%%DistUInt32(5)_before_sigmoid") => 0, Var("Backtrack2_app%%DistUInt32(3)_before_sigmoid") => 0, Var("Frequency1_tbool%%DistUInt32(1)_before_sigmoid") => 0, Var("GenBool2_true%%_before_sigmoid") => 0, Var("Backtrack1_zero%%DistUInt32(0)_before_sigmoid") => 0, Var("Backtrack2_app%%DistUInt32(1)_before_sigmoid") => 0, Var("Backtrack2_abs%%DistUInt32(2)_before_sigmoid") => 0, Var("Backtrack2_abs%%DistUInt32(3)_before_sigmoid") => 0, Var("Backtrack2_var%%DistUInt32(3)_before_sigmoid") => 0, Var("Backtrack2_app%%DistUInt32(5)_before_sigmoid") => 0, Var("Backtrack2_var%%DistUInt32(2)_before_sigmoid") => 0, Var("Backtrack2_abs%%DistUInt32(5)_before_sigmoid") => 0, Var("Backtrack2_abs%%DistUInt32(1)_before_sigmoid") => 0, Var("Backtrack2_app%%DistUInt32(4)_before_sigmoid") => 0)

Saving samples...
Saved samples to /space2/tjoa/tuning-output/v61_stlc_51_ace/stlc/langbespoke/expr_sz=5-typ_sz=1/approx_entropy/0.3/epochs=2000/bound=0.1/terms_initial.txt.
  38.157322345 seconds

Saved Coq generator to /space2/tjoa/tuning-output/v61_stlc_51_ace/stlc/langbespoke/expr_sz=5-typ_sz=1/approx_entropy/0.3/epochs=2000/bound=0.1/initial_Generator.v


ADNodes of interest (trained):
Dict("Backtrack2_var%%DistUInt32(4)" => 0.5002027259569978, "Backtrack2_abs%%DistUInt32(1)" => 0.6148275798511662, "Backtrack2_app%%DistUInt32(5)" => 0.3226398097468817, "GenBool2_true%%" => 0.5, "Backtrack2_var%%DistUInt32(2)" => 0.5774204541841838, "Frequency1_tbool%%DistUInt32(1)" => 0.8999008751006873, "Backtrack1_var%%DistUInt32(0)" => 0.6586845007005244, "Backtrack2_app%%DistUInt32(2)" => 0.3950002067320618, "Backtrack2_abs%%DistUInt32(4)" => 0.5587057513411561, "Backtrack2_app%%DistUInt32(3)" => 0.37845908766513203, "Backtrack2_app%%DistUInt32(4)" => 0.4337859175467215, "GenBool1_true%%" => 0.5, "Backtrack2_app%%DistUInt32(1)" => 0.4605185444488339, "Backtrack2_abs%%DistUInt32(3)" => 0.53057291531768, "Backtrack2_var%%DistUInt32(3)" => 0.5747564737267814, "Backtrack2_var%%DistUInt32(1)" => 0.7004204628506067, "Backtrack2_abs%%DistUInt32(5)" => 0.6333020630408382, "Frequency1_tfun%%DistUInt32(1)" => 0.6087707935437467, "Backtrack1_zero%%DistUInt32(0)" => 0.5747873878652107, "Backtrack2_abs%%DistUInt32(2)" => 0.5180267294319814, "Backtrack2_var%%DistUInt32(5)" => 0.5)

Parameter values (trained):
Dict{Var, Union{Real, AbstractMatrix{<:Real}}}(Var("Frequency1_tfun%%DistUInt32(1)_before_sigmoid") => 0.44214823758115523, Var("Backtrack2_app%%DistUInt32(2)_before_sigmoid") => -0.42634182805160237, Var("GenBool1_true%%_before_sigmoid") => 0, Var("Backtrack2_var%%DistUInt32(4)_before_sigmoid") => 0.0008109038724264991, Var("Backtrack2_abs%%DistUInt32(4)_before_sigmoid") => 0.23591106709486456, Var("Backtrack1_var%%DistUInt32(0)_before_sigmoid") => 0.6574373978151974, Var("Backtrack2_var%%DistUInt32(1)_before_sigmoid") => 0.8493008671927892, Var("Backtrack2_var%%DistUInt32(5)_before_sigmoid") => -1.792050329981455e-16, Var("Backtrack2_app%%DistUInt32(3)_before_sigmoid") => -0.4960937608365725, Var("Frequency1_tbool%%DistUInt32(1)_before_sigmoid") => 2.196123674463223, Var("GenBool2_true%%_before_sigmoid") => 0, Var("Backtrack1_zero%%DistUInt32(0)_before_sigmoid") => 0.30141090450402364, Var("Backtrack2_app%%DistUInt32(1)_before_sigmoid") => -0.1582552855765417, Var("Backtrack2_abs%%DistUInt32(2)_before_sigmoid") => 0.0721381848883995, Var("Backtrack2_abs%%DistUInt32(3)_before_sigmoid") => 0.12244441261746007, Var("Backtrack2_var%%DistUInt32(3)_before_sigmoid") => 0.3012844193156329, Var("Backtrack2_app%%DistUInt32(5)_before_sigmoid") => -0.7416666093196608, Var("Backtrack2_var%%DistUInt32(2)_before_sigmoid") => 0.31219298804012824, Var("Backtrack2_abs%%DistUInt32(5)_before_sigmoid") => 0.5464090520235414, Var("Backtrack2_abs%%DistUInt32(1)_before_sigmoid") => 0.46765079195552006, Var("Backtrack2_app%%DistUInt32(4)_before_sigmoid") => -0.2664211093824565)

Saving samples...
Saved samples to /space2/tjoa/tuning-output/v61_stlc_51_ace/stlc/langbespoke/expr_sz=5-typ_sz=1/approx_entropy/0.3/epochs=2000/bound=0.1/terms_trained.txt.
  32.568639416 seconds

Saved Coq generator to /space2/tjoa/tuning-output/v61_stlc_51_ace/stlc/langbespoke/expr_sz=5-typ_sz=1/approx_entropy/0.3/epochs=2000/bound=0.1/trained_Generator.v


2024-06-29T08:10:32.974
Total time elapsed: 6 minutes, 22 seconds, 965 milliseconds
