2024-06-26T07:56:25.386 76bebd9f ["LangBespokeSTLCGenerator(5,1)", "Pair{SamplingEntropy{STLC},Float64}[SamplingEntropy{STLC}(2,200,STLCWellTyped(),:prob_equals,0.0,0,true)=>0.3]", "2000", "0.1"]
== Config ==
TAG: v60_stlc_bespoke_se
LangBespokeSTLCGenerator(5, 1)
Pair{SamplingEntropy{STLC}, Float64}[SamplingEntropy{STLC}(2, 200, STLCWellTyped(), :prob_equals, 0.0, 0, true) => 0.3]
Epochs: 2000
Bound: 0.1
DistNat: DistUInt32
SEED: 0

Building generation computation graph...
  27.091591092 seconds

Saving samples...
Saved samples to /space2/tjoa/tuning-output/v60_stlc_bespoke_se/stlc/langbespoke/expr_sz=5-typ_sz=1/reinforce_sampling_entropy/freq=2-spb=200/eq=prob_equals/prop=stlcwelltyped/failure_penalty=0.0/forgiveness=0/rand_forgiveness=true/0.3/epochs=2000/bound=0.1/terms_test.txt.
  34.971416148 seconds

ADNodes of interest (initial):
Dict("Backtrack2_var%%DistUInt32(4)" => 0.5, "Backtrack2_abs%%DistUInt32(1)" => 0.5, "Backtrack2_app%%DistUInt32(5)" => 0.5, "GenBool2_true%%" => 0.5, "Backtrack2_var%%DistUInt32(2)" => 0.5, "Frequency1_tbool%%DistUInt32(1)" => 0.5, "Backtrack1_var%%DistUInt32(0)" => 0.5, "Backtrack2_app%%DistUInt32(2)" => 0.5, "Backtrack2_abs%%DistUInt32(4)" => 0.5, "Backtrack2_app%%DistUInt32(3)" => 0.5, "Backtrack2_app%%DistUInt32(4)" => 0.5, "GenBool1_true%%" => 0.5, "Backtrack2_app%%DistUInt32(1)" => 0.5, "Backtrack2_abs%%DistUInt32(3)" => 0.5, "Backtrack2_var%%DistUInt32(3)" => 0.5, "Backtrack2_var%%DistUInt32(1)" => 0.5, "Backtrack2_abs%%DistUInt32(5)" => 0.5, "Frequency1_tfun%%DistUInt32(1)" => 0.5, "Backtrack1_zero%%DistUInt32(0)" => 0.5, "Backtrack2_abs%%DistUInt32(2)" => 0.5, "Backtrack2_var%%DistUInt32(5)" => 0.5)

Parameter values (initial):
Dict{Var, Union{Real, AbstractMatrix{<:Real}}}(Var("Frequency1_tfun%%DistUInt32(1)_before_sigmoid") => 0, Var("Backtrack2_app%%DistUInt32(2)_before_sigmoid") => 0, Var("GenBool1_true%%_before_sigmoid") => 0, Var("Backtrack2_var%%DistUInt32(4)_before_sigmoid") => 0, Var("Backtrack2_abs%%DistUInt32(4)_before_sigmoid") => 0, Var("Backtrack1_var%%DistUInt32(0)_before_sigmoid") => 0, Var("Backtrack2_var%%DistUInt32(1)_before_sigmoid") => 0, Var("Backtrack2_var%%DistUInt32(5)_before_sigmoid") => 0, Var("Backtrack2_app%%DistUInt32(3)_before_sigmoid") => 0, Var("Frequency1_tbool%%DistUInt32(1)_before_sigmoid") => 0, Var("GenBool2_true%%_before_sigmoid") => 0, Var("Backtrack1_zero%%DistUInt32(0)_before_sigmoid") => 0, Var("Backtrack2_app%%DistUInt32(1)_before_sigmoid") => 0, Var("Backtrack2_abs%%DistUInt32(2)_before_sigmoid") => 0, Var("Backtrack2_abs%%DistUInt32(3)_before_sigmoid") => 0, Var("Backtrack2_var%%DistUInt32(3)_before_sigmoid") => 0, Var("Backtrack2_app%%DistUInt32(5)_before_sigmoid") => 0, Var("Backtrack2_var%%DistUInt32(2)_before_sigmoid") => 0, Var("Backtrack2_abs%%DistUInt32(5)_before_sigmoid") => 0, Var("Backtrack2_abs%%DistUInt32(1)_before_sigmoid") => 0, Var("Backtrack2_app%%DistUInt32(4)_before_sigmoid") => 0)

Saving samples...
Saved samples to /space2/tjoa/tuning-output/v60_stlc_bespoke_se/stlc/langbespoke/expr_sz=5-typ_sz=1/reinforce_sampling_entropy/freq=2-spb=200/eq=prob_equals/prop=stlcwelltyped/failure_penalty=0.0/forgiveness=0/rand_forgiveness=true/0.3/epochs=2000/bound=0.1/terms_initial.txt.
  30.928885288 seconds

Saved Coq generator to /space2/tjoa/tuning-output/v60_stlc_bespoke_se/stlc/langbespoke/expr_sz=5-typ_sz=1/reinforce_sampling_entropy/freq=2-spb=200/eq=prob_equals/prop=stlcwelltyped/failure_penalty=0.0/forgiveness=0/rand_forgiveness=true/0.3/epochs=2000/bound=0.1/initial_Generator.v


ADNodes of interest (trained):
Dict{String, BigFloat}("Backtrack2_var%%DistUInt32(4)" => 0.1000000000000000236396938635028838629724593466497362385965834168731880187423625, "Backtrack2_abs%%DistUInt32(1)" => 0.6905192576166268213350543873469795403741274586023021981179251676018123205497063, "Backtrack2_app%%DistUInt32(5)" => 0.9000000000000000163283350230027528910365088678085701428344115351713984565345426, "GenBool2_true%%" => 0.8964694651949829657619829320123209741611978814251521346640715718695075740279974, "Backtrack2_var%%DistUInt32(2)" => 0.1208849280764663001192944168394106666396382804407736723590047335947754847036461, "Frequency1_tbool%%DistUInt32(1)" => 0.9000000000000000163283350230027528910365088678085701428344115351713984565345426, "Backtrack1_var%%DistUInt32(0)" => 0.703360800097750385414935746370911405689394967130404599140857861422720256043499, "Backtrack2_app%%DistUInt32(2)" => 0.8904387322541158422833357480704554980568993700275332406056191690136012127750829, "Backtrack2_abs%%DistUInt32(4)" => 0.1000000000000000236396938635028838629724593466497362385965834168731880187423625, "Backtrack2_app%%DistUInt32(3)" => 0.8950368209331799150799696034390918069214482050456451173397077169077253859884725, "Backtrack2_app%%DistUInt32(4)" => 0.9000000000000000163283350230027528910365088678085701428344115351713984565345426, "GenBool1_true%%" => 0.9000000000000000163283350230027528910365088678085701428344115351713984565345426, "Backtrack2_app%%DistUInt32(1)" => 0.8856809803503058386466607539985765510611358237912214274602438086057313574111061, "Backtrack2_abs%%DistUInt32(3)" => 0.4030273288493775518582728603495473213120519994796598335089535433466784453093953, "Backtrack2_var%%DistUInt32(3)" => 0.1019618147745192514753179555882523201419972437614441302015034212989349745234171, "Backtrack2_var%%DistUInt32(1)" => 0.331473600050787669768960477424121115017408354760969235138564646970541867187834, "Backtrack2_abs%%DistUInt32(5)" => 0.1000000000000000236396938635028838629724593466497362385965834168731880187423625, "Frequency1_tfun%%DistUInt32(1)" => 0.1000000000000000236396938635028838629724593466497362385965834168731880187423625, "Backtrack1_zero%%DistUInt32(0)" => 0.8713554459402236818444875204931732632400979129240270588741083925744307734094407, "Backtrack2_abs%%DistUInt32(2)" => 0.5830139532785012750339325812052716477273638339873346921699870363598093526880902, "Backtrack2_var%%DistUInt32(5)" => 0.5000000000000000153906766666031911152144589497646650991230415175390901641082007)

Parameter values (trained):
Dict{Var, Union{Real, AbstractMatrix{<:Real}}}(Var("Frequency1_tfun%%DistUInt32(1)_before_sigmoid") => -2.19722457733621912012722532381303608417510986328125, Var("Backtrack2_app%%DistUInt32(2)_before_sigmoid") => 2.095230383275898903778474150405620392616704352091004866397899252878205233593626, Var("GenBool1_true%%_before_sigmoid") => 2.197224577336219564216435173875652253627777099609375, Var("Backtrack2_var%%DistUInt32(4)_before_sigmoid") => -2.19722457733621912012722532381303608417510986328125, Var("Backtrack2_abs%%DistUInt32(4)_before_sigmoid") => -2.19722457733621912012722532381303608417510986328125, Var("Backtrack1_var%%DistUInt32(0)_before_sigmoid") => 0.8633534041384667238855989154405447953873799447019252454892264255474816904732141, Var("Backtrack2_var%%DistUInt32(1)_before_sigmoid") => -0.7015277184861065827419727324824043836906135947717255563901142098687598716750535, Var("Backtrack2_var%%DistUInt32(5)_before_sigmoid") => 6.156270666641276446085783579905867983987696531506255475782789289027458822823773e-17, Var("Backtrack2_app%%DistUInt32(3)_before_sigmoid") => 2.143255245033684809534312779556820152505725184078178993753535575502888037397173, Var("Frequency1_tbool%%DistUInt32(1)_before_sigmoid") => 2.197224577336219564216435173875652253627777099609375, Var("GenBool2_true%%_before_sigmoid") => 2.15859764098277414468790793961159241280991073027746002814894502446525790860961, Var("Backtrack1_zero%%DistUInt32(0)_before_sigmoid") => 1.912996776702128804108065831139320668564965236141591850179823055788693546862003, Var("Backtrack2_app%%DistUInt32(1)_before_sigmoid") => 2.047363860348251721033187475468128196082772412337824657645439831534220994380005, Var("Backtrack2_abs%%DistUInt32(2)_before_sigmoid") => 0.3351583595069807867847876362302566437724672481501983560115858097315178940121438, Var("Backtrack2_abs%%DistUInt32(3)_before_sigmoid") => -0.39286696220819446534677987508881023287936854696554662796092592771252762490339, Var("Backtrack2_var%%DistUInt32(3)_before_sigmoid") => -2.175614211684426270406241436037126373257792524722978020038231335010977211408427, Var("Backtrack2_app%%DistUInt32(5)_before_sigmoid") => 2.197224577336219564216435173875652253627777099609375, Var("Backtrack2_var%%DistUInt32(2)_before_sigmoid") => -1.984076715960804602224682569221086635450633440778349619906915644428930211682362, Var("Backtrack2_abs%%DistUInt32(5)_before_sigmoid") => -2.19722457733621912012722532381303608417510986328125, Var("Backtrack2_abs%%DistUInt32(1)_before_sigmoid") => 0.8025479933528043481958032422074240977638952092477321016748021052738852110686434, Var("Backtrack2_app%%DistUInt32(4)_before_sigmoid") => 2.197224577336219564216435173875652253627777099609375)

Saving samples...
Saved samples to /space2/tjoa/tuning-output/v60_stlc_bespoke_se/stlc/langbespoke/expr_sz=5-typ_sz=1/reinforce_sampling_entropy/freq=2-spb=200/eq=prob_equals/prop=stlcwelltyped/failure_penalty=0.0/forgiveness=0/rand_forgiveness=true/0.3/epochs=2000/bound=0.1/terms_trained.txt.
  35.715204522 seconds

Saved Coq generator to /space2/tjoa/tuning-output/v60_stlc_bespoke_se/stlc/langbespoke/expr_sz=5-typ_sz=1/reinforce_sampling_entropy/freq=2-spb=200/eq=prob_equals/prop=stlcwelltyped/failure_penalty=0.0/forgiveness=0/rand_forgiveness=true/0.3/epochs=2000/bound=0.1/trained_Generator.v


2024-06-30T19:06:23.819
Total time elapsed: 4 days, 11 hours, 9 minutes, 58 seconds, 433 milliseconds
