2024-07-20T20:14:31.440 857ab7bc ["-f", "LangBespokeSTLCGenerator(5,2)", "[ApproxSTLCConstructorEntropy()=>0.03]", "2000", "0.1"]
== Config ==
TAG: v71_idk
LangBespokeSTLCGenerator(5, 2)
[ApproxSTLCConstructorEntropy() => 0.03]
Epochs: 2000
Bound: 0.1
DistNat: DistUInt32
SEED: 0

Building generation computation graph...
  36.86042372 seconds

Building computation graph for ApproxSTLCConstructorEntropy()...
  74.354068058 seconds

ADNodes of interest (initial):
Dict("Backtrack2_var%%DistUInt32(4)" => 0.5, "Backtrack2_abs%%DistUInt32(1)" => 0.5, "Backtrack2_app%%DistUInt32(5)" => 0.5, "GenBool2_true%%" => 0.5, "Backtrack2_var%%DistUInt32(2)" => 0.5, "Frequency1_tbool%%DistUInt32(1)" => 0.5, "Backtrack1_var%%DistUInt32(0)" => 0.5, "Backtrack2_app%%DistUInt32(2)" => 0.5, "Backtrack2_abs%%DistUInt32(4)" => 0.5, "Backtrack2_app%%DistUInt32(3)" => 0.5, "Backtrack2_app%%DistUInt32(4)" => 0.5, "GenBool1_true%%" => 0.5, "Backtrack2_app%%DistUInt32(1)" => 0.5, "Frequency1_tfun%%DistUInt32(2)" => 0.5, "Backtrack2_abs%%DistUInt32(3)" => 0.5, "Frequency1_tbool%%DistUInt32(2)" => 0.5, "Backtrack2_var%%DistUInt32(3)" => 0.5, "Backtrack2_var%%DistUInt32(1)" => 0.5, "Backtrack2_abs%%DistUInt32(5)" => 0.5, "Frequency1_tfun%%DistUInt32(1)" => 0.5, "Backtrack1_zero%%DistUInt32(0)" => 0.5, "Backtrack2_abs%%DistUInt32(2)" => 0.5, "Backtrack2_var%%DistUInt32(5)" => 0.5)

Parameter values (initial):
Dict{Var, Union{Real, AbstractMatrix{<:Real}}}(Var("Frequency1_tfun%%DistUInt32(1)_before_sigmoid") => 0, Var("Backtrack2_abs%%DistUInt32(2)_before_sigmoid") => 0, Var("GenBool2_true%%_before_sigmoid") => 0, Var("Backtrack2_abs%%DistUInt32(3)_before_sigmoid") => 0, Var("Backtrack2_var%%DistUInt32(2)_before_sigmoid") => 0, Var("Backtrack2_abs%%DistUInt32(5)_before_sigmoid") => 0, Var("Frequency1_tbool%%DistUInt32(1)_before_sigmoid") => 0, Var("Backtrack2_abs%%DistUInt32(4)_before_sigmoid") => 0, Var("Backtrack2_app%%DistUInt32(5)_before_sigmoid") => 0, Var("Frequency1_tfun%%DistUInt32(2)_before_sigmoid") => 0, Var("Backtrack2_var%%DistUInt32(3)_before_sigmoid") => 0, Var("Backtrack2_app%%DistUInt32(1)_before_sigmoid") => 0, Var("Backtrack2_app%%DistUInt32(2)_before_sigmoid") => 0, Var("Backtrack2_var%%DistUInt32(1)_before_sigmoid") => 0, Var("Backtrack1_zero%%DistUInt32(0)_before_sigmoid") => 0, Var("Backtrack2_app%%DistUInt32(3)_before_sigmoid") => 0, Var("Frequency1_tbool%%DistUInt32(2)_before_sigmoid") => 0, Var("GenBool1_true%%_before_sigmoid") => 0, Var("Backtrack1_var%%DistUInt32(0)_before_sigmoid") => 0, Var("Backtrack2_var%%DistUInt32(4)_before_sigmoid") => 0, Var("Backtrack2_abs%%DistUInt32(1)_before_sigmoid") => 0, Var("Backtrack2_var%%DistUInt32(5)_before_sigmoid") => 0, Var("Backtrack2_app%%DistUInt32(4)_before_sigmoid") => 0)

Saved Coq generator to /space2/tjoa/tuning-output/v71_idk/stlc/langbespoke/expr_sz=5-typ_sz=2/approx_entropy/0.03/epochs=2000/bound=0.1/initial_Generator.v


ADNodes of interest (trained):
Dict("Backtrack2_var%%DistUInt32(4)" => 0.5, "Backtrack2_abs%%DistUInt32(1)" => 0.6354557669984211, "Backtrack2_app%%DistUInt32(5)" => 0.3178073678430793, "GenBool2_true%%" => 0.5, "Backtrack2_var%%DistUInt32(2)" => 0.5, "Frequency1_tbool%%DistUInt32(1)" => 0.5, "Backtrack1_var%%DistUInt32(0)" => 0.5, "Backtrack2_app%%DistUInt32(2)" => 0.3178073678430793, "Backtrack2_abs%%DistUInt32(4)" => 0.6354557669984211, "Backtrack2_app%%DistUInt32(3)" => 0.3178073678430793, "Backtrack2_app%%DistUInt32(4)" => 0.3178073678430793, "GenBool1_true%%" => 0.5, "Backtrack2_app%%DistUInt32(1)" => 0.3178073678430793, "Frequency1_tfun%%DistUInt32(2)" => 0.5, "Backtrack2_abs%%DistUInt32(3)" => 0.6354557669984211, "Frequency1_tbool%%DistUInt32(2)" => 0.5, "Backtrack2_var%%DistUInt32(3)" => 0.5, "Backtrack2_var%%DistUInt32(1)" => 0.5, "Backtrack2_abs%%DistUInt32(5)" => 0.6354557669984211, "Frequency1_tfun%%DistUInt32(1)" => 0.5, "Backtrack1_zero%%DistUInt32(0)" => 0.5, "Backtrack2_abs%%DistUInt32(2)" => 0.6354557669984211, "Backtrack2_var%%DistUInt32(5)" => 0.5)

Parameter values (trained):
Dict{Var, Union{Real, AbstractMatrix{<:Real}}}(Var("Frequency1_tfun%%DistUInt32(1)_before_sigmoid") => 0, Var("Backtrack2_abs%%DistUInt32(2)_before_sigmoid") => 0.5556945881146063, Var("GenBool2_true%%_before_sigmoid") => 0, Var("Backtrack2_abs%%DistUInt32(3)_before_sigmoid") => 0.5556945881146063, Var("Backtrack2_var%%DistUInt32(2)_before_sigmoid") => -2.7195580958375414e-18, Var("Backtrack2_abs%%DistUInt32(5)_before_sigmoid") => 0.5556945881146063, Var("Frequency1_tbool%%DistUInt32(1)_before_sigmoid") => 0, Var("Backtrack2_abs%%DistUInt32(4)_before_sigmoid") => 0.5556945881146063, Var("Backtrack2_app%%DistUInt32(5)_before_sigmoid") => -0.7638666320716412, Var("Frequency1_tfun%%DistUInt32(2)_before_sigmoid") => 0.0, Var("Backtrack2_var%%DistUInt32(3)_before_sigmoid") => -2.7195580958375414e-18, Var("Backtrack2_app%%DistUInt32(1)_before_sigmoid") => -0.7638666320716412, Var("Backtrack2_app%%DistUInt32(2)_before_sigmoid") => -0.7638666320716412, Var("Backtrack2_var%%DistUInt32(1)_before_sigmoid") => -2.7195580958375414e-18, Var("Backtrack1_zero%%DistUInt32(0)_before_sigmoid") => 0, Var("Backtrack2_app%%DistUInt32(3)_before_sigmoid") => -0.7638666320716412, Var("Frequency1_tbool%%DistUInt32(2)_before_sigmoid") => 0.0, Var("GenBool1_true%%_before_sigmoid") => 0, Var("Backtrack1_var%%DistUInt32(0)_before_sigmoid") => 0, Var("Backtrack2_var%%DistUInt32(4)_before_sigmoid") => -2.7195580958375414e-18, Var("Backtrack2_abs%%DistUInt32(1)_before_sigmoid") => 0.5556945881146063, Var("Backtrack2_var%%DistUInt32(5)_before_sigmoid") => -2.7195580958375414e-18, Var("Backtrack2_app%%DistUInt32(4)_before_sigmoid") => -0.7638666320716412)

Saved Coq generator to /space2/tjoa/tuning-output/v71_idk/stlc/langbespoke/expr_sz=5-typ_sz=2/approx_entropy/0.03/epochs=2000/bound=0.1/trained_Generator.v


2024-07-20T20:17:19.128
Total time elapsed: 2 minutes, 47 seconds, 688 milliseconds
