2024-06-26T07:56:25.383 76bebd9f ["LangBespokeSTLCGenerator(5,1)", "Pair{SamplingEntropy{STLC},Float64}[SamplingEntropy{STLC}(2,50,STLCWellTyped(),:prob_equals,0.0,0,true)=>0.3]", "500", "0.1"]
== Config ==
TAG: v60_stlc_bespoke_se
LangBespokeSTLCGenerator(5, 1)
Pair{SamplingEntropy{STLC}, Float64}[SamplingEntropy{STLC}(2, 50, STLCWellTyped(), :prob_equals, 0.0, 0, true) => 0.3]
Epochs: 500
Bound: 0.1
DistNat: DistUInt32
SEED: 0

Building generation computation graph...
  27.31336843 seconds

Saving samples...
Saved samples to /space2/tjoa/tuning-output/v60_stlc_bespoke_se/stlc/langbespoke/expr_sz=5-typ_sz=1/reinforce_sampling_entropy/freq=2-spb=50/eq=prob_equals/prop=stlcwelltyped/failure_penalty=0.0/forgiveness=0/rand_forgiveness=true/0.3/epochs=500/bound=0.1/terms_test.txt.
  35.361045669 seconds

ADNodes of interest (initial):
Dict("Backtrack2_var%%DistUInt32(4)" => 0.5, "Backtrack2_abs%%DistUInt32(1)" => 0.5, "Backtrack2_app%%DistUInt32(5)" => 0.5, "GenBool2_true%%" => 0.5, "Backtrack2_var%%DistUInt32(2)" => 0.5, "Frequency1_tbool%%DistUInt32(1)" => 0.5, "Backtrack1_var%%DistUInt32(0)" => 0.5, "Backtrack2_app%%DistUInt32(2)" => 0.5, "Backtrack2_abs%%DistUInt32(4)" => 0.5, "Backtrack2_app%%DistUInt32(3)" => 0.5, "Backtrack2_app%%DistUInt32(4)" => 0.5, "GenBool1_true%%" => 0.5, "Backtrack2_app%%DistUInt32(1)" => 0.5, "Backtrack2_abs%%DistUInt32(3)" => 0.5, "Backtrack2_var%%DistUInt32(3)" => 0.5, "Backtrack2_var%%DistUInt32(1)" => 0.5, "Backtrack2_abs%%DistUInt32(5)" => 0.5, "Frequency1_tfun%%DistUInt32(1)" => 0.5, "Backtrack1_zero%%DistUInt32(0)" => 0.5, "Backtrack2_abs%%DistUInt32(2)" => 0.5, "Backtrack2_var%%DistUInt32(5)" => 0.5)

Parameter values (initial):
Dict{Var, Union{Real, AbstractMatrix{<:Real}}}(Var("Frequency1_tfun%%DistUInt32(1)_before_sigmoid") => 0, Var("Backtrack2_app%%DistUInt32(2)_before_sigmoid") => 0, Var("GenBool1_true%%_before_sigmoid") => 0, Var("Backtrack2_var%%DistUInt32(4)_before_sigmoid") => 0, Var("Backtrack2_abs%%DistUInt32(4)_before_sigmoid") => 0, Var("Backtrack1_var%%DistUInt32(0)_before_sigmoid") => 0, Var("Backtrack2_var%%DistUInt32(1)_before_sigmoid") => 0, Var("Backtrack2_var%%DistUInt32(5)_before_sigmoid") => 0, Var("Backtrack2_app%%DistUInt32(3)_before_sigmoid") => 0, Var("Frequency1_tbool%%DistUInt32(1)_before_sigmoid") => 0, Var("GenBool2_true%%_before_sigmoid") => 0, Var("Backtrack1_zero%%DistUInt32(0)_before_sigmoid") => 0, Var("Backtrack2_app%%DistUInt32(1)_before_sigmoid") => 0, Var("Backtrack2_abs%%DistUInt32(2)_before_sigmoid") => 0, Var("Backtrack2_abs%%DistUInt32(3)_before_sigmoid") => 0, Var("Backtrack2_var%%DistUInt32(3)_before_sigmoid") => 0, Var("Backtrack2_app%%DistUInt32(5)_before_sigmoid") => 0, Var("Backtrack2_var%%DistUInt32(2)_before_sigmoid") => 0, Var("Backtrack2_abs%%DistUInt32(5)_before_sigmoid") => 0, Var("Backtrack2_abs%%DistUInt32(1)_before_sigmoid") => 0, Var("Backtrack2_app%%DistUInt32(4)_before_sigmoid") => 0)

Saving samples...
Saved samples to /space2/tjoa/tuning-output/v60_stlc_bespoke_se/stlc/langbespoke/expr_sz=5-typ_sz=1/reinforce_sampling_entropy/freq=2-spb=50/eq=prob_equals/prop=stlcwelltyped/failure_penalty=0.0/forgiveness=0/rand_forgiveness=true/0.3/epochs=500/bound=0.1/terms_initial.txt.
  31.411062749 seconds

Saved Coq generator to /space2/tjoa/tuning-output/v60_stlc_bespoke_se/stlc/langbespoke/expr_sz=5-typ_sz=1/reinforce_sampling_entropy/freq=2-spb=50/eq=prob_equals/prop=stlcwelltyped/failure_penalty=0.0/forgiveness=0/rand_forgiveness=true/0.3/epochs=500/bound=0.1/initial_Generator.v


ADNodes of interest (trained):
Dict{String, BigFloat}("Backtrack2_var%%DistUInt32(4)" => 0.1891119083948730981786289772642833630785836123247888373245633706428147629320259, "Backtrack2_abs%%DistUInt32(1)" => 0.9000000000000000163283350230027528910365088678085701428344115351713984565345426, "Backtrack2_app%%DistUInt32(5)" => 0.9000000000000000163283350230027528910365088678085701428344115351713984565345426, "GenBool2_true%%" => 0.9000000000000000163283350230027528910365088678085701428344115351713984565345426, "Backtrack2_var%%DistUInt32(2)" => 0.4900297588277204677280781474390347553214497474352208031214675282262765258007682, "Frequency1_tbool%%DistUInt32(1)" => 0.9000000000000000163283350230027528910365088678085701428344115351713984565345426, "Backtrack1_var%%DistUInt32(0)" => 0.4450135418279727327029634455977798404848463601256640687859181502639801240039305, "Backtrack2_app%%DistUInt32(2)" => 0.8732293909154406613077197262582170832293162604749079334939736606785090440860663, "Backtrack2_abs%%DistUInt32(4)" => 0.1000000000000000236396938635028838629724593466497362385965834168731880187423625, "Backtrack2_app%%DistUInt32(3)" => 0.8977387643203605237649652553381048008599008622387655919428089531393253239549827, "Backtrack2_app%%DistUInt32(4)" => 0.9000000000000000163283350230027528910365088678085701428344115351713984565345426, "GenBool1_true%%" => 0.9000000000000000163283350230027528910365088678085701428344115351713984565345426, "Backtrack2_app%%DistUInt32(1)" => 0.1000000000000000236396938635028838629724593466497362385965834168731880187423625, "Backtrack2_abs%%DistUInt32(3)" => 0.1232665292279316882005928056820199722123400247635044721142548394788578437877763, "Backtrack2_var%%DistUInt32(3)" => 0.1111267082250434572323571269716059023698167034880210282083057806983905747077092, "Backtrack2_var%%DistUInt32(1)" => 0.7208909029637051208734759895184800517556808544074437944242742420681891174913503, "Backtrack2_abs%%DistUInt32(5)" => 0.1000000000000000236396938635028838629724593466497362385965834168731880187423625, "Frequency1_tfun%%DistUInt32(1)" => 0.1000000000000000236396938635028838629724593466497362385965834168731880187423625, "Backtrack1_zero%%DistUInt32(0)" => 0.8903369649369563742595843348867329300114853758386720715188742189776090585535191, "Backtrack2_abs%%DistUInt32(2)" => 0.6605911254599872334813499894143219229167367700540213134025879907853964749064977, "Backtrack2_var%%DistUInt32(5)" => 0.4999999999999999648347182017212924307584628492743774447468072803260684515607325)

Parameter values (trained):
Dict{Var, Union{Real, AbstractMatrix{<:Real}}}(Var("Frequency1_tfun%%DistUInt32(1)_before_sigmoid") => -2.19722457733621912012722532381303608417510986328125, Var("Backtrack2_app%%DistUInt32(2)_before_sigmoid") => 1.929819057386242773596020399430296902085238675251782175059057911001368102413721, Var("GenBool1_true%%_before_sigmoid") => 2.197224577336219564216435173875652253627777099609375, Var("Backtrack2_var%%DistUInt32(4)_before_sigmoid") => -1.455791108695430039269566867686835746821754444100196918633483890612981930769343, Var("Backtrack2_abs%%DistUInt32(4)_before_sigmoid") => -2.19722457733621912012722532381303608417510986328125, Var("Backtrack1_var%%DistUInt32(0)_before_sigmoid") => -0.2208390009813957718267573312763313870314238635895146382451341469487345396429342, Var("Backtrack2_var%%DistUInt32(1)_before_sigmoid") => 0.9488850781385782824390884874809190293734358444796950103037324520210263281851696, Var("Backtrack2_var%%DistUInt32(5)_before_sigmoid") => -1.406611271931148302769661486029027221425248855607797081374582368097746743392074e-16, Var("Backtrack2_app%%DistUInt32(3)_before_sigmoid") => 2.172348444367428555250282537997885256112820096696259063889915469756112136376737, Var("Frequency1_tbool%%DistUInt32(1)_before_sigmoid") => 2.197224577336219564216435173875652253627777099609375, Var("GenBool2_true%%_before_sigmoid") => 2.197224577336219564216435173875652253627777099609375, Var("Backtrack1_zero%%DistUInt32(0)_before_sigmoid") => 2.094187656737056799707645740651984026420907882356818529895841571057552055245962, Var("Backtrack2_app%%DistUInt32(1)_before_sigmoid") => -2.19722457733621912012722532381303608417510986328125, Var("Backtrack2_abs%%DistUInt32(2)_before_sigmoid") => 0.6659295786168785577681562680977320752725470033660872208606352706050123875185659, Var("Backtrack2_abs%%DistUInt32(3)_before_sigmoid") => -1.961854120688559032767568835785263395535843133095536035183593935651609410497621, Var("Backtrack2_var%%DistUInt32(3)_before_sigmoid") => -2.079283630598836431608088642293261783848299782093885387226420903146622287196231, Var("Backtrack2_app%%DistUInt32(5)_before_sigmoid") => 2.197224577336219564216435173875652253627777099609375, Var("Backtrack2_var%%DistUInt32(2)_before_sigmoid") => -0.039886251811306250252670393494061311305117683864695025348424517726863574208311, Var("Backtrack2_abs%%DistUInt32(5)_before_sigmoid") => -2.19722457733621912012722532381303608417510986328125, Var("Backtrack2_abs%%DistUInt32(1)_before_sigmoid") => 2.197224577336219564216435173875652253627777099609375, Var("Backtrack2_app%%DistUInt32(4)_before_sigmoid") => 2.197224577336219564216435173875652253627777099609375)

Saving samples...
Saved samples to /space2/tjoa/tuning-output/v60_stlc_bespoke_se/stlc/langbespoke/expr_sz=5-typ_sz=1/reinforce_sampling_entropy/freq=2-spb=50/eq=prob_equals/prop=stlcwelltyped/failure_penalty=0.0/forgiveness=0/rand_forgiveness=true/0.3/epochs=500/bound=0.1/terms_trained.txt.
  39.844415477 seconds

Saved Coq generator to /space2/tjoa/tuning-output/v60_stlc_bespoke_se/stlc/langbespoke/expr_sz=5-typ_sz=1/reinforce_sampling_entropy/freq=2-spb=50/eq=prob_equals/prop=stlcwelltyped/failure_penalty=0.0/forgiveness=0/rand_forgiveness=true/0.3/epochs=500/bound=0.1/trained_Generator.v


2024-06-26T15:22:29.520
Total time elapsed: 7 hours, 26 minutes, 4 seconds, 137 milliseconds
