2024-06-26T07:56:25.550 76bebd9f ["LangBespokeSTLCGenerator(5,1)", "Pair{SamplingEntropy{STLC},Float64}[SamplingEntropy{STLC}(2,50,STLCWellTyped(),:prob_equals,0.0,0,true)=>0.3]", "2000", "0.1"]
== Config ==
TAG: v60_stlc_bespoke_se
LangBespokeSTLCGenerator(5, 1)
Pair{SamplingEntropy{STLC}, Float64}[SamplingEntropy{STLC}(2, 50, STLCWellTyped(), :prob_equals, 0.0, 0, true) => 0.3]
Epochs: 2000
Bound: 0.1
DistNat: DistUInt32
SEED: 0

Building generation computation graph...
  28.023400699 seconds

Saving samples...
Saved samples to /space2/tjoa/tuning-output/v60_stlc_bespoke_se/stlc/langbespoke/expr_sz=5-typ_sz=1/reinforce_sampling_entropy/freq=2-spb=50/eq=prob_equals/prop=stlcwelltyped/failure_penalty=0.0/forgiveness=0/rand_forgiveness=true/0.3/epochs=2000/bound=0.1/terms_test.txt.
  36.473311874 seconds

ADNodes of interest (initial):
Dict("Backtrack2_var%%DistUInt32(4)" => 0.5, "Backtrack2_abs%%DistUInt32(1)" => 0.5, "Backtrack2_app%%DistUInt32(5)" => 0.5, "GenBool2_true%%" => 0.5, "Backtrack2_var%%DistUInt32(2)" => 0.5, "Frequency1_tbool%%DistUInt32(1)" => 0.5, "Backtrack1_var%%DistUInt32(0)" => 0.5, "Backtrack2_app%%DistUInt32(2)" => 0.5, "Backtrack2_abs%%DistUInt32(4)" => 0.5, "Backtrack2_app%%DistUInt32(3)" => 0.5, "Backtrack2_app%%DistUInt32(4)" => 0.5, "GenBool1_true%%" => 0.5, "Backtrack2_app%%DistUInt32(1)" => 0.5, "Backtrack2_abs%%DistUInt32(3)" => 0.5, "Backtrack2_var%%DistUInt32(3)" => 0.5, "Backtrack2_var%%DistUInt32(1)" => 0.5, "Backtrack2_abs%%DistUInt32(5)" => 0.5, "Frequency1_tfun%%DistUInt32(1)" => 0.5, "Backtrack1_zero%%DistUInt32(0)" => 0.5, "Backtrack2_abs%%DistUInt32(2)" => 0.5, "Backtrack2_var%%DistUInt32(5)" => 0.5)

Parameter values (initial):
Dict{Var, Union{Real, AbstractMatrix{<:Real}}}(Var("Frequency1_tfun%%DistUInt32(1)_before_sigmoid") => 0, Var("Backtrack2_app%%DistUInt32(2)_before_sigmoid") => 0, Var("GenBool1_true%%_before_sigmoid") => 0, Var("Backtrack2_var%%DistUInt32(4)_before_sigmoid") => 0, Var("Backtrack2_abs%%DistUInt32(4)_before_sigmoid") => 0, Var("Backtrack1_var%%DistUInt32(0)_before_sigmoid") => 0, Var("Backtrack2_var%%DistUInt32(1)_before_sigmoid") => 0, Var("Backtrack2_var%%DistUInt32(5)_before_sigmoid") => 0, Var("Backtrack2_app%%DistUInt32(3)_before_sigmoid") => 0, Var("Frequency1_tbool%%DistUInt32(1)_before_sigmoid") => 0, Var("GenBool2_true%%_before_sigmoid") => 0, Var("Backtrack1_zero%%DistUInt32(0)_before_sigmoid") => 0, Var("Backtrack2_app%%DistUInt32(1)_before_sigmoid") => 0, Var("Backtrack2_abs%%DistUInt32(2)_before_sigmoid") => 0, Var("Backtrack2_abs%%DistUInt32(3)_before_sigmoid") => 0, Var("Backtrack2_var%%DistUInt32(3)_before_sigmoid") => 0, Var("Backtrack2_app%%DistUInt32(5)_before_sigmoid") => 0, Var("Backtrack2_var%%DistUInt32(2)_before_sigmoid") => 0, Var("Backtrack2_abs%%DistUInt32(5)_before_sigmoid") => 0, Var("Backtrack2_abs%%DistUInt32(1)_before_sigmoid") => 0, Var("Backtrack2_app%%DistUInt32(4)_before_sigmoid") => 0)

Saving samples...
Saved samples to /space2/tjoa/tuning-output/v60_stlc_bespoke_se/stlc/langbespoke/expr_sz=5-typ_sz=1/reinforce_sampling_entropy/freq=2-spb=50/eq=prob_equals/prop=stlcwelltyped/failure_penalty=0.0/forgiveness=0/rand_forgiveness=true/0.3/epochs=2000/bound=0.1/terms_initial.txt.
  32.480390408 seconds

Saved Coq generator to /space2/tjoa/tuning-output/v60_stlc_bespoke_se/stlc/langbespoke/expr_sz=5-typ_sz=1/reinforce_sampling_entropy/freq=2-spb=50/eq=prob_equals/prop=stlcwelltyped/failure_penalty=0.0/forgiveness=0/rand_forgiveness=true/0.3/epochs=2000/bound=0.1/initial_Generator.v


ADNodes of interest (trained):
Dict{String, BigFloat}("Backtrack2_var%%DistUInt32(4)" => 0.1063591190382069505223928264444694043209136731317273820449248219035204387832856, "Backtrack2_abs%%DistUInt32(1)" => 0.9000000000000000163283350230027528910365088678085701428344115351713984565345426, "Backtrack2_app%%DistUInt32(5)" => 0.9000000000000000163283350230027528910365088678085701428344115351713984565345426, "GenBool2_true%%" => 0.9000000000000000163283350230027528910365088678085701428344115351713984565345426, "Backtrack2_var%%DistUInt32(2)" => 0.2421747372255832248844398767778243815362682816985016726963285715118710285207613, "Frequency1_tbool%%DistUInt32(1)" => 0.9000000000000000163283350230027528910365088678085701428344115351713984565345426, "Backtrack1_var%%DistUInt32(0)" => 0.8321877621828338261147662174492085700914180873101884289797480877113435002230477, "Backtrack2_app%%DistUInt32(2)" => 0.87823121362902017841731527108016202862433863526025019977825989667070704080698, "Backtrack2_abs%%DistUInt32(4)" => 0.1000000000000000236396938635028838629724593466497362385965834168731880187423625, "Backtrack2_app%%DistUInt32(3)" => 0.9000000000000000163283350230027528910365088678085701428344115351713984565345426, "Backtrack2_app%%DistUInt32(4)" => 0.9000000000000000163283350230027528910365088678085701428344115351713984565345426, "GenBool1_true%%" => 0.9000000000000000163283350230027528910365088678085701428344115351713984565345426, "Backtrack2_app%%DistUInt32(1)" => 0.1000000000000000236396938635028838629724593466497362385965834168731880187423625, "Backtrack2_abs%%DistUInt32(3)" => 0.1000000000000000236396938635028838629724593466497362385965834168731880187423625, "Backtrack2_var%%DistUInt32(3)" => 0.1040091355860597031881205753329311106919515075463248311237503483702330470426387, "Backtrack2_var%%DistUInt32(1)" => 0.9000000000000000163283350230027528910365088678085701428344115351713984565345426, "Backtrack2_abs%%DistUInt32(5)" => 0.1000000000000000236396938635028838629724593466497362385965834168731880187423625, "Frequency1_tfun%%DistUInt32(1)" => 0.1000000000000000236396938635028838629724593466497362385965834168731880187423625, "Backtrack1_zero%%DistUInt32(0)" => 0.8796523589986804491780856950923258415419394232860870947559623487933112851180355, "Backtrack2_abs%%DistUInt32(2)" => 0.672269718132851685354572910456367396869380052722779780975787357904183888784157, "Backtrack2_var%%DistUInt32(5)" => 0.4999999999999999648347182017212924307584628492743774447468072803260684515608448)

Parameter values (trained):
Dict{Var, Union{Real, AbstractMatrix{<:Real}}}(Var("Frequency1_tfun%%DistUInt32(1)_before_sigmoid") => -2.19722457733621912012722532381303608417510986328125, Var("Backtrack2_app%%DistUInt32(2)_before_sigmoid") => 1.97578584732904986311509844692383240612922489693006709572399980393889431419811, Var("GenBool1_true%%_before_sigmoid") => 2.197224577336219564216435173875652253627777099609375, Var("Backtrack2_var%%DistUInt32(4)_before_sigmoid") => -2.12848271181234577228812100084418017665974017733940649914577950919404456323187, Var("Backtrack2_abs%%DistUInt32(4)_before_sigmoid") => -2.19722457733621912012722532381303608417510986328125, Var("Backtrack1_var%%DistUInt32(0)_before_sigmoid") => 1.601212368714643091732021052585459268798473754202647811598702924130953365239416, Var("Backtrack2_var%%DistUInt32(1)_before_sigmoid") => 2.197224577336219564216435173875652253627777099609375, Var("Backtrack2_var%%DistUInt32(5)_before_sigmoid") => -1.406611271931148302769661486029027221425248855607797081374577827362248635141111e-16, Var("Backtrack2_app%%DistUInt32(3)_before_sigmoid") => 2.197224577336219564216435173875652253627777099609375, Var("Frequency1_tbool%%DistUInt32(1)_before_sigmoid") => 2.197224577336219564216435173875652253627777099609375, Var("GenBool2_true%%_before_sigmoid") => 2.197224577336219564216435173875652253627777099609375, Var("Backtrack1_zero%%DistUInt32(0)_before_sigmoid") => 1.989142219943715482304846700834578378801752498471017052535653819537720552857061, Var("Backtrack2_app%%DistUInt32(1)_before_sigmoid") => -2.19722457733621912012722532381303608417510986328125, Var("Backtrack2_abs%%DistUInt32(2)_before_sigmoid") => 0.7184686675463465736607860223898953714570390658525064068441799523103356163623308, Var("Backtrack2_abs%%DistUInt32(3)_before_sigmoid") => -2.19722457733621912012722532381303608417510986328125, Var("Backtrack2_var%%DistUInt32(3)_before_sigmoid") => -2.153451479499240917179586813795720366121717607995090848901659576185890970756796, Var("Backtrack2_app%%DistUInt32(5)_before_sigmoid") => 2.197224577336219564216435173875652253627777099609375, Var("Backtrack2_var%%DistUInt32(2)_before_sigmoid") => -1.140793314771501583937918368838444645603027158804589279139323899835453754310741, Var("Backtrack2_abs%%DistUInt32(5)_before_sigmoid") => -2.19722457733621912012722532381303608417510986328125, Var("Backtrack2_abs%%DistUInt32(1)_before_sigmoid") => 2.197224577336219564216435173875652253627777099609375, Var("Backtrack2_app%%DistUInt32(4)_before_sigmoid") => 2.197224577336219564216435173875652253627777099609375)

Saving samples...
Saved samples to /space2/tjoa/tuning-output/v60_stlc_bespoke_se/stlc/langbespoke/expr_sz=5-typ_sz=1/reinforce_sampling_entropy/freq=2-spb=50/eq=prob_equals/prop=stlcwelltyped/failure_penalty=0.0/forgiveness=0/rand_forgiveness=true/0.3/epochs=2000/bound=0.1/terms_trained.txt.
  38.134432196 seconds

Saved Coq generator to /space2/tjoa/tuning-output/v60_stlc_bespoke_se/stlc/langbespoke/expr_sz=5-typ_sz=1/reinforce_sampling_entropy/freq=2-spb=50/eq=prob_equals/prop=stlcwelltyped/failure_penalty=0.0/forgiveness=0/rand_forgiveness=true/0.3/epochs=2000/bound=0.1/trained_Generator.v


2024-06-27T13:50:17.787
Total time elapsed: 1 day, 5 hours, 53 minutes, 52 seconds, 237 milliseconds
